Determining if the function res_servicename exists in the resolv failed with the following output:
Change Dir: /opt/rt-n56u/trunk/libs/c-ares/c-ares-1.15.0/build/CMakeFiles/CMakeTmp

Run Build Command:"/usr/bin/make" "cmTC_64037/fast"
make[4]: Entering directory '/opt/rt-n56u/trunk/libs/c-ares/c-ares-1.15.0/build/CMakeFiles/CMakeTmp'
/usr/bin/make -f CMakeFiles/cmTC_64037.dir/build.make CMakeFiles/cmTC_64037.dir/build
make[5]: Entering directory '/opt/rt-n56u/trunk/libs/c-ares/c-ares-1.15.0/build/CMakeFiles/CMakeTmp'
Building C object CMakeFiles/cmTC_64037.dir/CheckFunctionExists.c.o
/opt/rt-n56u/toolchain-mipsel/toolchain-3.4.x/bin/mipsel-linux-uclibc-gcc   -Os -fomit-frame-pointer -pipe  -DEMBED -I/opt/rt-n56u/trunk/stage/include -Dlinux -D__linux__ -Dunix -Wall -Wno-trigraphs -Wno-strict-aliasing -Wno-format-security   -Wno-pointer-sign -ffunction-sections -fdata-sections -DCHECK_FUNCTION_EXISTS=res_servicename   -o CMakeFiles/cmTC_64037.dir/CheckFunctionExists.c.o   -c /usr/share/cmake-3.10/Modules/CheckFunctionExists.c
Linking C executable cmTC_64037
/usr/bin/cmake -E cmake_link_script CMakeFiles/cmTC_64037.dir/link.txt --verbose=1
/opt/rt-n56u/toolchain-mipsel/toolchain-3.4.x/bin/mipsel-linux-uclibc-gcc -Os -fomit-frame-pointer -pipe  -DEMBED -I/opt/rt-n56u/trunk/stage/include -Dlinux -D__linux__ -Dunix -Wall -Wno-trigraphs -Wno-strict-aliasing -Wno-format-security   -Wno-pointer-sign -ffunction-sections -fdata-sections -DCHECK_FUNCTION_EXISTS=res_servicename  -L/opt/rt-n56u/trunk/stage/lib -Wl,--gc-sections  -rdynamic CMakeFiles/cmTC_64037.dir/CheckFunctionExists.c.o  -o cmTC_64037 -lresolv 
CMakeFiles/cmTC_64037.dir/CheckFunctionExists.c.o: In function `main':
CheckFunctionExists.c:(.text.main+0x14): undefined reference to `res_servicename'
collect2: ld returned 1 exit status
CMakeFiles/cmTC_64037.dir/build.make:97: recipe for target 'cmTC_64037' failed
make[5]: *** [cmTC_64037] Error 1
make[5]: Leaving directory '/opt/rt-n56u/trunk/libs/c-ares/c-ares-1.15.0/build/CMakeFiles/CMakeTmp'
Makefile:126: recipe for target 'cmTC_64037/fast' failed
make[4]: *** [cmTC_64037/fast] Error 2
make[4]: Leaving directory '/opt/rt-n56u/trunk/libs/c-ares/c-ares-1.15.0/build/CMakeFiles/CMakeTmp'


Determining if the function gethostbyname exists in the socket failed with the following output:
Change Dir: /opt/rt-n56u/trunk/libs/c-ares/c-ares-1.15.0/build/CMakeFiles/CMakeTmp

Run Build Command:"/usr/bin/make" "cmTC_61bf2/fast"
make[4]: Entering directory '/opt/rt-n56u/trunk/libs/c-ares/c-ares-1.15.0/build/CMakeFiles/CMakeTmp'
/usr/bin/make -f CMakeFiles/cmTC_61bf2.dir/build.make CMakeFiles/cmTC_61bf2.dir/build
make[5]: Entering directory '/opt/rt-n56u/trunk/libs/c-ares/c-ares-1.15.0/build/CMakeFiles/CMakeTmp'
Building C object CMakeFiles/cmTC_61bf2.dir/CheckFunctionExists.c.o
/opt/rt-n56u/toolchain-mipsel/toolchain-3.4.x/bin/mipsel-linux-uclibc-gcc   -Os -fomit-frame-pointer -pipe  -DEMBED -I/opt/rt-n56u/trunk/stage/include -Dlinux -D__linux__ -Dunix -Wall -Wno-trigraphs -Wno-strict-aliasing -Wno-format-security   -Wno-pointer-sign -ffunction-sections -fdata-sections -DCHECK_FUNCTION_EXISTS=gethostbyname   -o CMakeFiles/cmTC_61bf2.dir/CheckFunctionExists.c.o   -c /usr/share/cmake-3.10/Modules/CheckFunctionExists.c
Linking C executable cmTC_61bf2
/usr/bin/cmake -E cmake_link_script CMakeFiles/cmTC_61bf2.dir/link.txt --verbose=1
/opt/rt-n56u/toolchain-mipsel/toolchain-3.4.x/bin/mipsel-linux-uclibc-gcc -Os -fomit-frame-pointer -pipe  -DEMBED -I/opt/rt-n56u/trunk/stage/include -Dlinux -D__linux__ -Dunix -Wall -Wno-trigraphs -Wno-strict-aliasing -Wno-format-security   -Wno-pointer-sign -ffunction-sections -fdata-sections -DCHECK_FUNCTION_EXISTS=gethostbyname  -L/opt/rt-n56u/trunk/stage/lib -Wl,--gc-sections  -rdynamic CMakeFiles/cmTC_61bf2.dir/CheckFunctionExists.c.o  -o cmTC_61bf2 -lsocket 
/opt/rt-n56u/toolchain-mipsel/toolchain-3.4.x/lib/gcc/mipsel-linux-uclibc/4.4.7/../../../../mipsel-linux-uclibc/bin/ld: cannot find -lsocket
CMakeFiles/cmTC_61bf2.dir/CheckFunctionExists.c.o: In function `main':
CheckFunctionExists.c:(.text.main+0x14): warning: gethostbyname is obsolescent, use getnameinfo() instead.
collect2: ld returned 1 exit status
CMakeFiles/cmTC_61bf2.dir/build.make:97: recipe for target 'cmTC_61bf2' failed
make[5]: *** [cmTC_61bf2] Error 1
make[5]: Leaving directory '/opt/rt-n56u/trunk/libs/c-ares/c-ares-1.15.0/build/CMakeFiles/CMakeTmp'
Makefile:126: recipe for target 'cmTC_61bf2/fast' failed
make[4]: *** [cmTC_61bf2/fast] Error 2
make[4]: Leaving directory '/opt/rt-n56u/trunk/libs/c-ares/c-ares-1.15.0/build/CMakeFiles/CMakeTmp'


Determining if the function socket exists in the socket failed with the following output:
Change Dir: /opt/rt-n56u/trunk/libs/c-ares/c-ares-1.15.0/build/CMakeFiles/CMakeTmp

Run Build Command:"/usr/bin/make" "cmTC_ba28a/fast"
make[4]: Entering directory '/opt/rt-n56u/trunk/libs/c-ares/c-ares-1.15.0/build/CMakeFiles/CMakeTmp'
/usr/bin/make -f CMakeFiles/cmTC_ba28a.dir/build.make CMakeFiles/cmTC_ba28a.dir/build
make[5]: Entering directory '/opt/rt-n56u/trunk/libs/c-ares/c-ares-1.15.0/build/CMakeFiles/CMakeTmp'
Building C object CMakeFiles/cmTC_ba28a.dir/CheckFunctionExists.c.o
/opt/rt-n56u/toolchain-mipsel/toolchain-3.4.x/bin/mipsel-linux-uclibc-gcc   -Os -fomit-frame-pointer -pipe  -DEMBED -I/opt/rt-n56u/trunk/stage/include -Dlinux -D__linux__ -Dunix -Wall -Wno-trigraphs -Wno-strict-aliasing -Wno-format-security   -Wno-pointer-sign -ffunction-sections -fdata-sections -DCHECK_FUNCTION_EXISTS=socket   -o CMakeFiles/cmTC_ba28a.dir/CheckFunctionExists.c.o   -c /usr/share/cmake-3.10/Modules/CheckFunctionExists.c
Linking C executable cmTC_ba28a
/usr/bin/cmake -E cmake_link_script CMakeFiles/cmTC_ba28a.dir/link.txt --verbose=1
/opt/rt-n56u/toolchain-mipsel/toolchain-3.4.x/bin/mipsel-linux-uclibc-gcc -Os -fomit-frame-pointer -pipe  -DEMBED -I/opt/rt-n56u/trunk/stage/include -Dlinux -D__linux__ -Dunix -Wall -Wno-trigraphs -Wno-strict-aliasing -Wno-format-security   -Wno-pointer-sign -ffunction-sections -fdata-sections -DCHECK_FUNCTION_EXISTS=socket  -L/opt/rt-n56u/trunk/stage/lib -Wl,--gc-sections  -rdynamic CMakeFiles/cmTC_ba28a.dir/CheckFunctionExists.c.o  -o cmTC_ba28a -lsocket 
/opt/rt-n56u/toolchain-mipsel/toolchain-3.4.x/lib/gcc/mipsel-linux-uclibc/4.4.7/../../../../mipsel-linux-uclibc/bin/ld: cannot find -lsocket
collect2: ld returned 1 exit status
CMakeFiles/cmTC_ba28a.dir/build.make:97: recipe for target 'cmTC_ba28a' failed
make[5]: *** [cmTC_ba28a] Error 1
make[5]: Leaving directory '/opt/rt-n56u/trunk/libs/c-ares/c-ares-1.15.0/build/CMakeFiles/CMakeTmp'
Makefile:126: recipe for target 'cmTC_ba28a/fast' failed
make[4]: *** [cmTC_ba28a/fast] Error 2
make[4]: Leaving directory '/opt/rt-n56u/trunk/libs/c-ares/c-ares-1.15.0/build/CMakeFiles/CMakeTmp'


Determining if files socket.h exist failed with the following output:
Change Dir: /opt/rt-n56u/trunk/libs/c-ares/c-ares-1.15.0/build/CMakeFiles/CMakeTmp

Run Build Command:"/usr/bin/make" "cmTC_90c99/fast"
make[4]: Entering directory '/opt/rt-n56u/trunk/libs/c-ares/c-ares-1.15.0/build/CMakeFiles/CMakeTmp'
/usr/bin/make -f CMakeFiles/cmTC_90c99.dir/build.make CMakeFiles/cmTC_90c99.dir/build
make[5]: Entering directory '/opt/rt-n56u/trunk/libs/c-ares/c-ares-1.15.0/build/CMakeFiles/CMakeTmp'
Building C object CMakeFiles/cmTC_90c99.dir/CheckIncludeFiles.c.o
/opt/rt-n56u/toolchain-mipsel/toolchain-3.4.x/bin/mipsel-linux-uclibc-gcc   -Os -fomit-frame-pointer -pipe  -DEMBED -I/opt/rt-n56u/trunk/stage/include -Dlinux -D__linux__ -Dunix -Wall -Wno-trigraphs -Wno-strict-aliasing -Wno-format-security   -Wno-pointer-sign -ffunction-sections -fdata-sections    -o CMakeFiles/cmTC_90c99.dir/CheckIncludeFiles.c.o   -c /opt/rt-n56u/trunk/libs/c-ares/c-ares-1.15.0/build/CMakeFiles/CMakeTmp/CheckIncludeFiles.c
/opt/rt-n56u/trunk/libs/c-ares/c-ares-1.15.0/build/CMakeFiles/CMakeTmp/CheckIncludeFiles.c:2:20: error: socket.h: No such file or directory
CMakeFiles/cmTC_90c99.dir/build.make:65: recipe for target 'CMakeFiles/cmTC_90c99.dir/CheckIncludeFiles.c.o' failed
make[5]: *** [CMakeFiles/cmTC_90c99.dir/CheckIncludeFiles.c.o] Error 1
make[5]: Leaving directory '/opt/rt-n56u/trunk/libs/c-ares/c-ares-1.15.0/build/CMakeFiles/CMakeTmp'
Makefile:126: recipe for target 'cmTC_90c99/fast' failed
make[4]: *** [cmTC_90c99/fast] Error 2
make[4]: Leaving directory '/opt/rt-n56u/trunk/libs/c-ares/c-ares-1.15.0/build/CMakeFiles/CMakeTmp'

Source:
/* */
#include <socket.h>


int main(void){return 0;}

Determining if files stropts.h exist failed with the following output:
Change Dir: /opt/rt-n56u/trunk/libs/c-ares/c-ares-1.15.0/build/CMakeFiles/CMakeTmp

Run Build Command:"/usr/bin/make" "cmTC_f7a29/fast"
make[4]: Entering directory '/opt/rt-n56u/trunk/libs/c-ares/c-ares-1.15.0/build/CMakeFiles/CMakeTmp'
/usr/bin/make -f CMakeFiles/cmTC_f7a29.dir/build.make CMakeFiles/cmTC_f7a29.dir/build
make[5]: Entering directory '/opt/rt-n56u/trunk/libs/c-ares/c-ares-1.15.0/build/CMakeFiles/CMakeTmp'
Building C object CMakeFiles/cmTC_f7a29.dir/CheckIncludeFiles.c.o
/opt/rt-n56u/toolchain-mipsel/toolchain-3.4.x/bin/mipsel-linux-uclibc-gcc   -Os -fomit-frame-pointer -pipe  -DEMBED -I/opt/rt-n56u/trunk/stage/include -Dlinux -D__linux__ -Dunix -Wall -Wno-trigraphs -Wno-strict-aliasing -Wno-format-security   -Wno-pointer-sign -ffunction-sections -fdata-sections    -o CMakeFiles/cmTC_f7a29.dir/CheckIncludeFiles.c.o   -c /opt/rt-n56u/trunk/libs/c-ares/c-ares-1.15.0/build/CMakeFiles/CMakeTmp/CheckIncludeFiles.c
/opt/rt-n56u/trunk/libs/c-ares/c-ares-1.15.0/build/CMakeFiles/CMakeTmp/CheckIncludeFiles.c:2:21: error: stropts.h: No such file or directory
CMakeFiles/cmTC_f7a29.dir/build.make:65: recipe for target 'CMakeFiles/cmTC_f7a29.dir/CheckIncludeFiles.c.o' failed
make[5]: *** [CMakeFiles/cmTC_f7a29.dir/CheckIncludeFiles.c.o] Error 1
make[5]: Leaving directory '/opt/rt-n56u/trunk/libs/c-ares/c-ares-1.15.0/build/CMakeFiles/CMakeTmp'
Makefile:126: recipe for target 'cmTC_f7a29/fast' failed
make[4]: *** [cmTC_f7a29/fast] Error 2
make[4]: Leaving directory '/opt/rt-n56u/trunk/libs/c-ares/c-ares-1.15.0/build/CMakeFiles/CMakeTmp'

Source:
/* */
#include <stropts.h>


int main(void){return 0;}

Determining if files winsock2.h;windows.h exist failed with the following output:
Change Dir: /opt/rt-n56u/trunk/libs/c-ares/c-ares-1.15.0/build/CMakeFiles/CMakeTmp

Run Build Command:"/usr/bin/make" "cmTC_5a6d4/fast"
make[4]: Entering directory '/opt/rt-n56u/trunk/libs/c-ares/c-ares-1.15.0/build/CMakeFiles/CMakeTmp'
/usr/bin/make -f CMakeFiles/cmTC_5a6d4.dir/build.make CMakeFiles/cmTC_5a6d4.dir/build
make[5]: Entering directory '/opt/rt-n56u/trunk/libs/c-ares/c-ares-1.15.0/build/CMakeFiles/CMakeTmp'
Building C object CMakeFiles/cmTC_5a6d4.dir/CheckIncludeFiles.c.o
/opt/rt-n56u/toolchain-mipsel/toolchain-3.4.x/bin/mipsel-linux-uclibc-gcc   -Os -fomit-frame-pointer -pipe  -DEMBED -I/opt/rt-n56u/trunk/stage/include -Dlinux -D__linux__ -Dunix -Wall -Wno-trigraphs -Wno-strict-aliasing -Wno-format-security   -Wno-pointer-sign -ffunction-sections -fdata-sections    -o CMakeFiles/cmTC_5a6d4.dir/CheckIncludeFiles.c.o   -c /opt/rt-n56u/trunk/libs/c-ares/c-ares-1.15.0/build/CMakeFiles/CMakeTmp/CheckIncludeFiles.c
/opt/rt-n56u/trunk/libs/c-ares/c-ares-1.15.0/build/CMakeFiles/CMakeTmp/CheckIncludeFiles.c:2:22: error: winsock2.h: No such file or directory
/opt/rt-n56u/trunk/libs/c-ares/c-ares-1.15.0/build/CMakeFiles/CMakeTmp/CheckIncludeFiles.c:3:21: error: windows.h: No such file or directory
CMakeFiles/cmTC_5a6d4.dir/build.make:65: recipe for target 'CMakeFiles/cmTC_5a6d4.dir/CheckIncludeFiles.c.o' failed
make[5]: *** [CMakeFiles/cmTC_5a6d4.dir/CheckIncludeFiles.c.o] Error 1
make[5]: Leaving directory '/opt/rt-n56u/trunk/libs/c-ares/c-ares-1.15.0/build/CMakeFiles/CMakeTmp'
Makefile:126: recipe for target 'cmTC_5a6d4/fast' failed
make[4]: *** [cmTC_5a6d4/fast] Error 2
make[4]: Leaving directory '/opt/rt-n56u/trunk/libs/c-ares/c-ares-1.15.0/build/CMakeFiles/CMakeTmp'

Source:
/* */
#include <winsock2.h>
#include <windows.h>


int main(void){return 0;}

Determining if files winsock2.h;ws2tcpip.h;windows.h exist failed with the following output:
Change Dir: /opt/rt-n56u/trunk/libs/c-ares/c-ares-1.15.0/build/CMakeFiles/CMakeTmp

Run Build Command:"/usr/bin/make" "cmTC_9f550/fast"
make[4]: Entering directory '/opt/rt-n56u/trunk/libs/c-ares/c-ares-1.15.0/build/CMakeFiles/CMakeTmp'
/usr/bin/make -f CMakeFiles/cmTC_9f550.dir/build.make CMakeFiles/cmTC_9f550.dir/build
make[5]: Entering directory '/opt/rt-n56u/trunk/libs/c-ares/c-ares-1.15.0/build/CMakeFiles/CMakeTmp'
Building C object CMakeFiles/cmTC_9f550.dir/CheckIncludeFiles.c.o
/opt/rt-n56u/toolchain-mipsel/toolchain-3.4.x/bin/mipsel-linux-uclibc-gcc   -Os -fomit-frame-pointer -pipe  -DEMBED -I/opt/rt-n56u/trunk/stage/include -Dlinux -D__linux__ -Dunix -Wall -Wno-trigraphs -Wno-strict-aliasing -Wno-format-security   -Wno-pointer-sign -ffunction-sections -fdata-sections    -o CMakeFiles/cmTC_9f550.dir/CheckIncludeFiles.c.o   -c /opt/rt-n56u/trunk/libs/c-ares/c-ares-1.15.0/build/CMakeFiles/CMakeTmp/CheckIncludeFiles.c
/opt/rt-n56u/trunk/libs/c-ares/c-ares-1.15.0/build/CMakeFiles/CMakeTmp/CheckIncludeFiles.c:2:22: error: winsock2.h: No such file or directory
/opt/rt-n56u/trunk/libs/c-ares/c-ares-1.15.0/build/CMakeFiles/CMakeTmp/CheckIncludeFiles.c:3:22: error: ws2tcpip.h: No such file or directory
/opt/rt-n56u/trunk/libs/c-ares/c-ares-1.15.0/build/CMakeFiles/CMakeTmp/CheckIncludeFiles.c:4:21: error: windows.h: No such file or directory
CMakeFiles/cmTC_9f550.dir/build.make:65: recipe for target 'CMakeFiles/cmTC_9f550.dir/CheckIncludeFiles.c.o' failed
make[5]: *** [CMakeFiles/cmTC_9f550.dir/CheckIncludeFiles.c.o] Error 1
make[5]: Leaving directory '/opt/rt-n56u/trunk/libs/c-ares/c-ares-1.15.0/build/CMakeFiles/CMakeTmp'
Makefile:126: recipe for target 'cmTC_9f550/fast' failed
make[4]: *** [cmTC_9f550/fast] Error 2
make[4]: Leaving directory '/opt/rt-n56u/trunk/libs/c-ares/c-ares-1.15.0/build/CMakeFiles/CMakeTmp'

Source:
/* */
#include <winsock2.h>
#include <ws2tcpip.h>
#include <windows.h>


int main(void){return 0;}

Determining if files winsock.h;windows.h exist failed with the following output:
Change Dir: /opt/rt-n56u/trunk/libs/c-ares/c-ares-1.15.0/build/CMakeFiles/CMakeTmp

Run Build Command:"/usr/bin/make" "cmTC_d9718/fast"
make[4]: Entering directory '/opt/rt-n56u/trunk/libs/c-ares/c-ares-1.15.0/build/CMakeFiles/CMakeTmp'
/usr/bin/make -f CMakeFiles/cmTC_d9718.dir/build.make CMakeFiles/cmTC_d9718.dir/build
make[5]: Entering directory '/opt/rt-n56u/trunk/libs/c-ares/c-ares-1.15.0/build/CMakeFiles/CMakeTmp'
Building C object CMakeFiles/cmTC_d9718.dir/CheckIncludeFiles.c.o
/opt/rt-n56u/toolchain-mipsel/toolchain-3.4.x/bin/mipsel-linux-uclibc-gcc   -Os -fomit-frame-pointer -pipe  -DEMBED -I/opt/rt-n56u/trunk/stage/include -Dlinux -D__linux__ -Dunix -Wall -Wno-trigraphs -Wno-strict-aliasing -Wno-format-security   -Wno-pointer-sign -ffunction-sections -fdata-sections    -o CMakeFiles/cmTC_d9718.dir/CheckIncludeFiles.c.o   -c /opt/rt-n56u/trunk/libs/c-ares/c-ares-1.15.0/build/CMakeFiles/CMakeTmp/CheckIncludeFiles.c
/opt/rt-n56u/trunk/libs/c-ares/c-ares-1.15.0/build/CMakeFiles/CMakeTmp/CheckIncludeFiles.c:2:21: error: winsock.h: No such file or directory
/opt/rt-n56u/trunk/libs/c-ares/c-ares-1.15.0/build/CMakeFiles/CMakeTmp/CheckIncludeFiles.c:3:21: error: windows.h: No such file or directory
CMakeFiles/cmTC_d9718.dir/build.make:65: recipe for target 'CMakeFiles/cmTC_d9718.dir/CheckIncludeFiles.c.o' failed
make[5]: *** [CMakeFiles/cmTC_d9718.dir/CheckIncludeFiles.c.o] Error 1
make[5]: Leaving directory '/opt/rt-n56u/trunk/libs/c-ares/c-ares-1.15.0/build/CMakeFiles/CMakeTmp'
Makefile:126: recipe for target 'cmTC_d9718/fast' failed
make[4]: *** [cmTC_d9718/fast] Error 2
make[4]: Leaving directory '/opt/rt-n56u/trunk/libs/c-ares/c-ares-1.15.0/build/CMakeFiles/CMakeTmp'

Source:
/* */
#include <winsock.h>
#include <windows.h>


int main(void){return 0;}

Determining if files windows.h exist failed with the following output:
Change Dir: /opt/rt-n56u/trunk/libs/c-ares/c-ares-1.15.0/build/CMakeFiles/CMakeTmp

Run Build Command:"/usr/bin/make" "cmTC_6e299/fast"
make[4]: Entering directory '/opt/rt-n56u/trunk/libs/c-ares/c-ares-1.15.0/build/CMakeFiles/CMakeTmp'
/usr/bin/make -f CMakeFiles/cmTC_6e299.dir/build.make CMakeFiles/cmTC_6e299.dir/build
make[5]: Entering directory '/opt/rt-n56u/trunk/libs/c-ares/c-ares-1.15.0/build/CMakeFiles/CMakeTmp'
Building C object CMakeFiles/cmTC_6e299.dir/CheckIncludeFiles.c.o
/opt/rt-n56u/toolchain-mipsel/toolchain-3.4.x/bin/mipsel-linux-uclibc-gcc   -Os -fomit-frame-pointer -pipe  -DEMBED -I/opt/rt-n56u/trunk/stage/include -Dlinux -D__linux__ -Dunix -Wall -Wno-trigraphs -Wno-strict-aliasing -Wno-format-security   -Wno-pointer-sign -ffunction-sections -fdata-sections    -o CMakeFiles/cmTC_6e299.dir/CheckIncludeFiles.c.o   -c /opt/rt-n56u/trunk/libs/c-ares/c-ares-1.15.0/build/CMakeFiles/CMakeTmp/CheckIncludeFiles.c
/opt/rt-n56u/trunk/libs/c-ares/c-ares-1.15.0/build/CMakeFiles/CMakeTmp/CheckIncludeFiles.c:2:21: error: windows.h: No such file or directory
CMakeFiles/cmTC_6e299.dir/build.make:65: recipe for target 'CMakeFiles/cmTC_6e299.dir/CheckIncludeFiles.c.o' failed
make[5]: *** [CMakeFiles/cmTC_6e299.dir/CheckIncludeFiles.c.o] Error 1
make[5]: Leaving directory '/opt/rt-n56u/trunk/libs/c-ares/c-ares-1.15.0/build/CMakeFiles/CMakeTmp'
Makefile:126: recipe for target 'cmTC_6e299/fast' failed
make[4]: *** [cmTC_6e299/fast] Error 2
make[4]: Leaving directory '/opt/rt-n56u/trunk/libs/c-ares/c-ares-1.15.0/build/CMakeFiles/CMakeTmp'

Source:
/* */
#include <windows.h>


int main(void){return 0;}

Performing C SOURCE FILE Test HAVE_TYPE_SOCKET failed with the following output:
Change Dir: /opt/rt-n56u/trunk/libs/c-ares/c-ares-1.15.0/build/CMakeFiles/CMakeTmp

Run Build Command:"/usr/bin/make" "cmTC_1672e/fast"
make[4]: Entering directory '/opt/rt-n56u/trunk/libs/c-ares/c-ares-1.15.0/build/CMakeFiles/CMakeTmp'
/usr/bin/make -f CMakeFiles/cmTC_1672e.dir/build.make CMakeFiles/cmTC_1672e.dir/build
make[5]: Entering directory '/opt/rt-n56u/trunk/libs/c-ares/c-ares-1.15.0/build/CMakeFiles/CMakeTmp'
Building C object CMakeFiles/cmTC_1672e.dir/src.c.o
/opt/rt-n56u/toolchain-mipsel/toolchain-3.4.x/bin/mipsel-linux-uclibc-gcc -D_GNU_SOURCE -D_POSIX_C_SOURCE=199309L -D_XOPEN_SOURCE=600  -Os -fomit-frame-pointer -pipe  -DEMBED -I/opt/rt-n56u/trunk/stage/include -Dlinux -D__linux__ -Dunix -Wall -Wno-trigraphs -Wno-strict-aliasing -Wno-format-security   -Wno-pointer-sign -ffunction-sections -fdata-sections -DHAVE_TYPE_SOCKET   -o CMakeFiles/cmTC_1672e.dir/src.c.o   -c /opt/rt-n56u/trunk/libs/c-ares/c-ares-1.15.0/build/CMakeFiles/CMakeTmp/src.c
/opt/rt-n56u/trunk/libs/c-ares/c-ares-1.15.0/build/CMakeFiles/CMakeTmp/src.c: In function 'main':
/opt/rt-n56u/trunk/libs/c-ares/c-ares-1.15.0/build/CMakeFiles/CMakeTmp/src.c:26: error: 'SOCKET' undeclared (first use in this function)
/opt/rt-n56u/trunk/libs/c-ares/c-ares-1.15.0/build/CMakeFiles/CMakeTmp/src.c:26: error: (Each undeclared identifier is reported only once
/opt/rt-n56u/trunk/libs/c-ares/c-ares-1.15.0/build/CMakeFiles/CMakeTmp/src.c:26: error: for each function it appears in.)
/opt/rt-n56u/trunk/libs/c-ares/c-ares-1.15.0/build/CMakeFiles/CMakeTmp/src.c:26: error: expected ';' before 'var_exists'
/opt/rt-n56u/trunk/libs/c-ares/c-ares-1.15.0/build/CMakeFiles/CMakeTmp/src.c:27: error: 'var_exists' undeclared (first use in this function)
CMakeFiles/cmTC_1672e.dir/build.make:65: recipe for target 'CMakeFiles/cmTC_1672e.dir/src.c.o' failed
make[5]: *** [CMakeFiles/cmTC_1672e.dir/src.c.o] Error 1
make[5]: Leaving directory '/opt/rt-n56u/trunk/libs/c-ares/c-ares-1.15.0/build/CMakeFiles/CMakeTmp'
Makefile:126: recipe for target 'cmTC_1672e/fast' failed
make[4]: *** [cmTC_1672e/fast] Error 2
make[4]: Leaving directory '/opt/rt-n56u/trunk/libs/c-ares/c-ares-1.15.0/build/CMakeFiles/CMakeTmp'

Source file was:

		#include <stdio.h>
		#include <stdlib.h>
	
		#include <stdbool.h>
		#include <sys/types.h>
		#include <arpa/inet.h>
		#include <arpa/nameser.h>
		#include <netdb.h>
		#include <net/if.h>
		#include <netinet/in.h>
		#include <netinet/tcp.h>
		#include <signal.h>
		#include <stdlib.h>
		#include <string.h>
		#include <strings.h>
		#include <sys/ioctl.h>
		#include <sys/select.h>
		#include <sys/socket.h>
		#include <sys/time.h>
		#include <sys/uio.h>
		#include <time.h>
		#include <fcntl.h>
		#include <unistd.h>
		int main() {
			SOCKET var_exists;
			(void)var_exists;
			return 0;
		}
	
Determining if the SO_NONBLOCK exist failed with the following output:
Change Dir: /opt/rt-n56u/trunk/libs/c-ares/c-ares-1.15.0/build/CMakeFiles/CMakeTmp

Run Build Command:"/usr/bin/make" "cmTC_415f5/fast"
make[4]: Entering directory '/opt/rt-n56u/trunk/libs/c-ares/c-ares-1.15.0/build/CMakeFiles/CMakeTmp'
/usr/bin/make -f CMakeFiles/cmTC_415f5.dir/build.make CMakeFiles/cmTC_415f5.dir/build
make[5]: Entering directory '/opt/rt-n56u/trunk/libs/c-ares/c-ares-1.15.0/build/CMakeFiles/CMakeTmp'
Building C object CMakeFiles/cmTC_415f5.dir/CheckSymbolExists.c.o
/opt/rt-n56u/toolchain-mipsel/toolchain-3.4.x/bin/mipsel-linux-uclibc-gcc -D_GNU_SOURCE -D_POSIX_C_SOURCE=199309L -D_XOPEN_SOURCE=600  -Os -fomit-frame-pointer -pipe  -DEMBED -I/opt/rt-n56u/trunk/stage/include -Dlinux -D__linux__ -Dunix -Wall -Wno-trigraphs -Wno-strict-aliasing -Wno-format-security   -Wno-pointer-sign -ffunction-sections -fdata-sections    -o CMakeFiles/cmTC_415f5.dir/CheckSymbolExists.c.o   -c /opt/rt-n56u/trunk/libs/c-ares/c-ares-1.15.0/build/CMakeFiles/CMakeTmp/CheckSymbolExists.c
/opt/rt-n56u/trunk/libs/c-ares/c-ares-1.15.0/build/CMakeFiles/CMakeTmp/CheckSymbolExists.c: In function 'main':
/opt/rt-n56u/trunk/libs/c-ares/c-ares-1.15.0/build/CMakeFiles/CMakeTmp/CheckSymbolExists.c:27: error: 'SO_NONBLOCK' undeclared (first use in this function)
/opt/rt-n56u/trunk/libs/c-ares/c-ares-1.15.0/build/CMakeFiles/CMakeTmp/CheckSymbolExists.c:27: error: (Each undeclared identifier is reported only once
/opt/rt-n56u/trunk/libs/c-ares/c-ares-1.15.0/build/CMakeFiles/CMakeTmp/CheckSymbolExists.c:27: error: for each function it appears in.)
CMakeFiles/cmTC_415f5.dir/build.make:65: recipe for target 'CMakeFiles/cmTC_415f5.dir/CheckSymbolExists.c.o' failed
make[5]: *** [CMakeFiles/cmTC_415f5.dir/CheckSymbolExists.c.o] Error 1
make[5]: Leaving directory '/opt/rt-n56u/trunk/libs/c-ares/c-ares-1.15.0/build/CMakeFiles/CMakeTmp'
Makefile:126: recipe for target 'cmTC_415f5/fast' failed
make[4]: *** [cmTC_415f5/fast] Error 2
make[4]: Leaving directory '/opt/rt-n56u/trunk/libs/c-ares/c-ares-1.15.0/build/CMakeFiles/CMakeTmp'

File /opt/rt-n56u/trunk/libs/c-ares/c-ares-1.15.0/build/CMakeFiles/CMakeTmp/CheckSymbolExists.c:
/* */
#include <stdbool.h>
#include <sys/types.h>
#include <arpa/inet.h>
#include <arpa/nameser.h>
#include <netdb.h>
#include <net/if.h>
#include <netinet/in.h>
#include <netinet/tcp.h>
#include <signal.h>
#include <stdlib.h>
#include <string.h>
#include <strings.h>
#include <sys/ioctl.h>
#include <sys/select.h>
#include <sys/socket.h>
#include <sys/time.h>
#include <sys/uio.h>
#include <time.h>
#include <fcntl.h>
#include <unistd.h>

int main(int argc, char** argv)
{
  (void)argv;
#ifndef SO_NONBLOCK
  return ((int*)(&SO_NONBLOCK))[argc];
#else
  (void)argc;
  return 0;
#endif
}

Determining if the bitncmp exist failed with the following output:
Change Dir: /opt/rt-n56u/trunk/libs/c-ares/c-ares-1.15.0/build/CMakeFiles/CMakeTmp

Run Build Command:"/usr/bin/make" "cmTC_a411a/fast"
make[4]: Entering directory '/opt/rt-n56u/trunk/libs/c-ares/c-ares-1.15.0/build/CMakeFiles/CMakeTmp'
/usr/bin/make -f CMakeFiles/cmTC_a411a.dir/build.make CMakeFiles/cmTC_a411a.dir/build
make[5]: Entering directory '/opt/rt-n56u/trunk/libs/c-ares/c-ares-1.15.0/build/CMakeFiles/CMakeTmp'
Building C object CMakeFiles/cmTC_a411a.dir/CheckSymbolExists.c.o
/opt/rt-n56u/toolchain-mipsel/toolchain-3.4.x/bin/mipsel-linux-uclibc-gcc -D_GNU_SOURCE -D_POSIX_C_SOURCE=199309L -D_XOPEN_SOURCE=600  -Os -fomit-frame-pointer -pipe  -DEMBED -I/opt/rt-n56u/trunk/stage/include -Dlinux -D__linux__ -Dunix -Wall -Wno-trigraphs -Wno-strict-aliasing -Wno-format-security   -Wno-pointer-sign -ffunction-sections -fdata-sections    -o CMakeFiles/cmTC_a411a.dir/CheckSymbolExists.c.o   -c /opt/rt-n56u/trunk/libs/c-ares/c-ares-1.15.0/build/CMakeFiles/CMakeTmp/CheckSymbolExists.c
/opt/rt-n56u/trunk/libs/c-ares/c-ares-1.15.0/build/CMakeFiles/CMakeTmp/CheckSymbolExists.c: In function 'main':
/opt/rt-n56u/trunk/libs/c-ares/c-ares-1.15.0/build/CMakeFiles/CMakeTmp/CheckSymbolExists.c:27: error: 'bitncmp' undeclared (first use in this function)
/opt/rt-n56u/trunk/libs/c-ares/c-ares-1.15.0/build/CMakeFiles/CMakeTmp/CheckSymbolExists.c:27: error: (Each undeclared identifier is reported only once
/opt/rt-n56u/trunk/libs/c-ares/c-ares-1.15.0/build/CMakeFiles/CMakeTmp/CheckSymbolExists.c:27: error: for each function it appears in.)
CMakeFiles/cmTC_a411a.dir/build.make:65: recipe for target 'CMakeFiles/cmTC_a411a.dir/CheckSymbolExists.c.o' failed
make[5]: *** [CMakeFiles/cmTC_a411a.dir/CheckSymbolExists.c.o] Error 1
make[5]: Leaving directory '/opt/rt-n56u/trunk/libs/c-ares/c-ares-1.15.0/build/CMakeFiles/CMakeTmp'
Makefile:126: recipe for target 'cmTC_a411a/fast' failed
make[4]: *** [cmTC_a411a/fast] Error 2
make[4]: Leaving directory '/opt/rt-n56u/trunk/libs/c-ares/c-ares-1.15.0/build/CMakeFiles/CMakeTmp'

File /opt/rt-n56u/trunk/libs/c-ares/c-ares-1.15.0/build/CMakeFiles/CMakeTmp/CheckSymbolExists.c:
/* */
#include <stdbool.h>
#include <sys/types.h>
#include <arpa/inet.h>
#include <arpa/nameser.h>
#include <netdb.h>
#include <net/if.h>
#include <netinet/in.h>
#include <netinet/tcp.h>
#include <signal.h>
#include <stdlib.h>
#include <string.h>
#include <strings.h>
#include <sys/ioctl.h>
#include <sys/select.h>
#include <sys/socket.h>
#include <sys/time.h>
#include <sys/uio.h>
#include <time.h>
#include <fcntl.h>
#include <unistd.h>

int main(int argc, char** argv)
{
  (void)argv;
#ifndef bitncmp
  return ((int*)(&bitncmp))[argc];
#else
  (void)argc;
  return 0;
#endif
}

Determining if the closesocket exist failed with the following output:
Change Dir: /opt/rt-n56u/trunk/libs/c-ares/c-ares-1.15.0/build/CMakeFiles/CMakeTmp

Run Build Command:"/usr/bin/make" "cmTC_b7be3/fast"
make[4]: Entering directory '/opt/rt-n56u/trunk/libs/c-ares/c-ares-1.15.0/build/CMakeFiles/CMakeTmp'
/usr/bin/make -f CMakeFiles/cmTC_b7be3.dir/build.make CMakeFiles/cmTC_b7be3.dir/build
make[5]: Entering directory '/opt/rt-n56u/trunk/libs/c-ares/c-ares-1.15.0/build/CMakeFiles/CMakeTmp'
Building C object CMakeFiles/cmTC_b7be3.dir/CheckSymbolExists.c.o
/opt/rt-n56u/toolchain-mipsel/toolchain-3.4.x/bin/mipsel-linux-uclibc-gcc -D_GNU_SOURCE -D_POSIX_C_SOURCE=199309L -D_XOPEN_SOURCE=600  -Os -fomit-frame-pointer -pipe  -DEMBED -I/opt/rt-n56u/trunk/stage/include -Dlinux -D__linux__ -Dunix -Wall -Wno-trigraphs -Wno-strict-aliasing -Wno-format-security   -Wno-pointer-sign -ffunction-sections -fdata-sections    -o CMakeFiles/cmTC_b7be3.dir/CheckSymbolExists.c.o   -c /opt/rt-n56u/trunk/libs/c-ares/c-ares-1.15.0/build/CMakeFiles/CMakeTmp/CheckSymbolExists.c
/opt/rt-n56u/trunk/libs/c-ares/c-ares-1.15.0/build/CMakeFiles/CMakeTmp/CheckSymbolExists.c: In function 'main':
/opt/rt-n56u/trunk/libs/c-ares/c-ares-1.15.0/build/CMakeFiles/CMakeTmp/CheckSymbolExists.c:27: error: 'closesocket' undeclared (first use in this function)
/opt/rt-n56u/trunk/libs/c-ares/c-ares-1.15.0/build/CMakeFiles/CMakeTmp/CheckSymbolExists.c:27: error: (Each undeclared identifier is reported only once
/opt/rt-n56u/trunk/libs/c-ares/c-ares-1.15.0/build/CMakeFiles/CMakeTmp/CheckSymbolExists.c:27: error: for each function it appears in.)
CMakeFiles/cmTC_b7be3.dir/build.make:65: recipe for target 'CMakeFiles/cmTC_b7be3.dir/CheckSymbolExists.c.o' failed
make[5]: *** [CMakeFiles/cmTC_b7be3.dir/CheckSymbolExists.c.o] Error 1
make[5]: Leaving directory '/opt/rt-n56u/trunk/libs/c-ares/c-ares-1.15.0/build/CMakeFiles/CMakeTmp'
Makefile:126: recipe for target 'cmTC_b7be3/fast' failed
make[4]: *** [cmTC_b7be3/fast] Error 2
make[4]: Leaving directory '/opt/rt-n56u/trunk/libs/c-ares/c-ares-1.15.0/build/CMakeFiles/CMakeTmp'

File /opt/rt-n56u/trunk/libs/c-ares/c-ares-1.15.0/build/CMakeFiles/CMakeTmp/CheckSymbolExists.c:
/* */
#include <stdbool.h>
#include <sys/types.h>
#include <arpa/inet.h>
#include <arpa/nameser.h>
#include <netdb.h>
#include <net/if.h>
#include <netinet/in.h>
#include <netinet/tcp.h>
#include <signal.h>
#include <stdlib.h>
#include <string.h>
#include <strings.h>
#include <sys/ioctl.h>
#include <sys/select.h>
#include <sys/socket.h>
#include <sys/time.h>
#include <sys/uio.h>
#include <time.h>
#include <fcntl.h>
#include <unistd.h>

int main(int argc, char** argv)
{
  (void)argv;
#ifndef closesocket
  return ((int*)(&closesocket))[argc];
#else
  (void)argc;
  return 0;
#endif
}

Determining if the CloseSocket exist failed with the following output:
Change Dir: /opt/rt-n56u/trunk/libs/c-ares/c-ares-1.15.0/build/CMakeFiles/CMakeTmp

Run Build Command:"/usr/bin/make" "cmTC_758b6/fast"
make[4]: Entering directory '/opt/rt-n56u/trunk/libs/c-ares/c-ares-1.15.0/build/CMakeFiles/CMakeTmp'
/usr/bin/make -f CMakeFiles/cmTC_758b6.dir/build.make CMakeFiles/cmTC_758b6.dir/build
make[5]: Entering directory '/opt/rt-n56u/trunk/libs/c-ares/c-ares-1.15.0/build/CMakeFiles/CMakeTmp'
Building C object CMakeFiles/cmTC_758b6.dir/CheckSymbolExists.c.o
/opt/rt-n56u/toolchain-mipsel/toolchain-3.4.x/bin/mipsel-linux-uclibc-gcc -D_GNU_SOURCE -D_POSIX_C_SOURCE=199309L -D_XOPEN_SOURCE=600  -Os -fomit-frame-pointer -pipe  -DEMBED -I/opt/rt-n56u/trunk/stage/include -Dlinux -D__linux__ -Dunix -Wall -Wno-trigraphs -Wno-strict-aliasing -Wno-format-security   -Wno-pointer-sign -ffunction-sections -fdata-sections    -o CMakeFiles/cmTC_758b6.dir/CheckSymbolExists.c.o   -c /opt/rt-n56u/trunk/libs/c-ares/c-ares-1.15.0/build/CMakeFiles/CMakeTmp/CheckSymbolExists.c
/opt/rt-n56u/trunk/libs/c-ares/c-ares-1.15.0/build/CMakeFiles/CMakeTmp/CheckSymbolExists.c: In function 'main':
/opt/rt-n56u/trunk/libs/c-ares/c-ares-1.15.0/build/CMakeFiles/CMakeTmp/CheckSymbolExists.c:27: error: 'CloseSocket' undeclared (first use in this function)
/opt/rt-n56u/trunk/libs/c-ares/c-ares-1.15.0/build/CMakeFiles/CMakeTmp/CheckSymbolExists.c:27: error: (Each undeclared identifier is reported only once
/opt/rt-n56u/trunk/libs/c-ares/c-ares-1.15.0/build/CMakeFiles/CMakeTmp/CheckSymbolExists.c:27: error: for each function it appears in.)
CMakeFiles/cmTC_758b6.dir/build.make:65: recipe for target 'CMakeFiles/cmTC_758b6.dir/CheckSymbolExists.c.o' failed
make[5]: *** [CMakeFiles/cmTC_758b6.dir/CheckSymbolExists.c.o] Error 1
make[5]: Leaving directory '/opt/rt-n56u/trunk/libs/c-ares/c-ares-1.15.0/build/CMakeFiles/CMakeTmp'
Makefile:126: recipe for target 'cmTC_758b6/fast' failed
make[4]: *** [cmTC_758b6/fast] Error 2
make[4]: Leaving directory '/opt/rt-n56u/trunk/libs/c-ares/c-ares-1.15.0/build/CMakeFiles/CMakeTmp'

File /opt/rt-n56u/trunk/libs/c-ares/c-ares-1.15.0/build/CMakeFiles/CMakeTmp/CheckSymbolExists.c:
/* */
#include <stdbool.h>
#include <sys/types.h>
#include <arpa/inet.h>
#include <arpa/nameser.h>
#include <netdb.h>
#include <net/if.h>
#include <netinet/in.h>
#include <netinet/tcp.h>
#include <signal.h>
#include <stdlib.h>
#include <string.h>
#include <strings.h>
#include <sys/ioctl.h>
#include <sys/select.h>
#include <sys/socket.h>
#include <sys/time.h>
#include <sys/uio.h>
#include <time.h>
#include <fcntl.h>
#include <unistd.h>

int main(int argc, char** argv)
{
  (void)argv;
#ifndef CloseSocket
  return ((int*)(&CloseSocket))[argc];
#else
  (void)argc;
  return 0;
#endif
}

Determining if the inet_net_pton exist failed with the following output:
Change Dir: /opt/rt-n56u/trunk/libs/c-ares/c-ares-1.15.0/build/CMakeFiles/CMakeTmp

Run Build Command:"/usr/bin/make" "cmTC_af800/fast"
make[4]: Entering directory '/opt/rt-n56u/trunk/libs/c-ares/c-ares-1.15.0/build/CMakeFiles/CMakeTmp'
/usr/bin/make -f CMakeFiles/cmTC_af800.dir/build.make CMakeFiles/cmTC_af800.dir/build
make[5]: Entering directory '/opt/rt-n56u/trunk/libs/c-ares/c-ares-1.15.0/build/CMakeFiles/CMakeTmp'
Building C object CMakeFiles/cmTC_af800.dir/CheckSymbolExists.c.o
/opt/rt-n56u/toolchain-mipsel/toolchain-3.4.x/bin/mipsel-linux-uclibc-gcc -D_GNU_SOURCE -D_POSIX_C_SOURCE=199309L -D_XOPEN_SOURCE=600  -Os -fomit-frame-pointer -pipe  -DEMBED -I/opt/rt-n56u/trunk/stage/include -Dlinux -D__linux__ -Dunix -Wall -Wno-trigraphs -Wno-strict-aliasing -Wno-format-security   -Wno-pointer-sign -ffunction-sections -fdata-sections    -o CMakeFiles/cmTC_af800.dir/CheckSymbolExists.c.o   -c /opt/rt-n56u/trunk/libs/c-ares/c-ares-1.15.0/build/CMakeFiles/CMakeTmp/CheckSymbolExists.c
/opt/rt-n56u/trunk/libs/c-ares/c-ares-1.15.0/build/CMakeFiles/CMakeTmp/CheckSymbolExists.c: In function 'main':
/opt/rt-n56u/trunk/libs/c-ares/c-ares-1.15.0/build/CMakeFiles/CMakeTmp/CheckSymbolExists.c:27: error: 'inet_net_pton' undeclared (first use in this function)
/opt/rt-n56u/trunk/libs/c-ares/c-ares-1.15.0/build/CMakeFiles/CMakeTmp/CheckSymbolExists.c:27: error: (Each undeclared identifier is reported only once
/opt/rt-n56u/trunk/libs/c-ares/c-ares-1.15.0/build/CMakeFiles/CMakeTmp/CheckSymbolExists.c:27: error: for each function it appears in.)
CMakeFiles/cmTC_af800.dir/build.make:65: recipe for target 'CMakeFiles/cmTC_af800.dir/CheckSymbolExists.c.o' failed
make[5]: *** [CMakeFiles/cmTC_af800.dir/CheckSymbolExists.c.o] Error 1
make[5]: Leaving directory '/opt/rt-n56u/trunk/libs/c-ares/c-ares-1.15.0/build/CMakeFiles/CMakeTmp'
Makefile:126: recipe for target 'cmTC_af800/fast' failed
make[4]: *** [cmTC_af800/fast] Error 2
make[4]: Leaving directory '/opt/rt-n56u/trunk/libs/c-ares/c-ares-1.15.0/build/CMakeFiles/CMakeTmp'

File /opt/rt-n56u/trunk/libs/c-ares/c-ares-1.15.0/build/CMakeFiles/CMakeTmp/CheckSymbolExists.c:
/* */
#include <stdbool.h>
#include <sys/types.h>
#include <arpa/inet.h>
#include <arpa/nameser.h>
#include <netdb.h>
#include <net/if.h>
#include <netinet/in.h>
#include <netinet/tcp.h>
#include <signal.h>
#include <stdlib.h>
#include <string.h>
#include <strings.h>
#include <sys/ioctl.h>
#include <sys/select.h>
#include <sys/socket.h>
#include <sys/time.h>
#include <sys/uio.h>
#include <time.h>
#include <fcntl.h>
#include <unistd.h>

int main(int argc, char** argv)
{
  (void)argv;
#ifndef inet_net_pton
  return ((int*)(&inet_net_pton))[argc];
#else
  (void)argc;
  return 0;
#endif
}

Determining if the ioctlsocket exist failed with the following output:
Change Dir: /opt/rt-n56u/trunk/libs/c-ares/c-ares-1.15.0/build/CMakeFiles/CMakeTmp

Run Build Command:"/usr/bin/make" "cmTC_5f786/fast"
make[4]: Entering directory '/opt/rt-n56u/trunk/libs/c-ares/c-ares-1.15.0/build/CMakeFiles/CMakeTmp'
/usr/bin/make -f CMakeFiles/cmTC_5f786.dir/build.make CMakeFiles/cmTC_5f786.dir/build
make[5]: Entering directory '/opt/rt-n56u/trunk/libs/c-ares/c-ares-1.15.0/build/CMakeFiles/CMakeTmp'
Building C object CMakeFiles/cmTC_5f786.dir/CheckSymbolExists.c.o
/opt/rt-n56u/toolchain-mipsel/toolchain-3.4.x/bin/mipsel-linux-uclibc-gcc -D_GNU_SOURCE -D_POSIX_C_SOURCE=199309L -D_XOPEN_SOURCE=600  -Os -fomit-frame-pointer -pipe  -DEMBED -I/opt/rt-n56u/trunk/stage/include -Dlinux -D__linux__ -Dunix -Wall -Wno-trigraphs -Wno-strict-aliasing -Wno-format-security   -Wno-pointer-sign -ffunction-sections -fdata-sections    -o CMakeFiles/cmTC_5f786.dir/CheckSymbolExists.c.o   -c /opt/rt-n56u/trunk/libs/c-ares/c-ares-1.15.0/build/CMakeFiles/CMakeTmp/CheckSymbolExists.c
/opt/rt-n56u/trunk/libs/c-ares/c-ares-1.15.0/build/CMakeFiles/CMakeTmp/CheckSymbolExists.c: In function 'main':
/opt/rt-n56u/trunk/libs/c-ares/c-ares-1.15.0/build/CMakeFiles/CMakeTmp/CheckSymbolExists.c:27: error: 'ioctlsocket' undeclared (first use in this function)
/opt/rt-n56u/trunk/libs/c-ares/c-ares-1.15.0/build/CMakeFiles/CMakeTmp/CheckSymbolExists.c:27: error: (Each undeclared identifier is reported only once
/opt/rt-n56u/trunk/libs/c-ares/c-ares-1.15.0/build/CMakeFiles/CMakeTmp/CheckSymbolExists.c:27: error: for each function it appears in.)
CMakeFiles/cmTC_5f786.dir/build.make:65: recipe for target 'CMakeFiles/cmTC_5f786.dir/CheckSymbolExists.c.o' failed
make[5]: *** [CMakeFiles/cmTC_5f786.dir/CheckSymbolExists.c.o] Error 1
make[5]: Leaving directory '/opt/rt-n56u/trunk/libs/c-ares/c-ares-1.15.0/build/CMakeFiles/CMakeTmp'
Makefile:126: recipe for target 'cmTC_5f786/fast' failed
make[4]: *** [cmTC_5f786/fast] Error 2
make[4]: Leaving directory '/opt/rt-n56u/trunk/libs/c-ares/c-ares-1.15.0/build/CMakeFiles/CMakeTmp'

File /opt/rt-n56u/trunk/libs/c-ares/c-ares-1.15.0/build/CMakeFiles/CMakeTmp/CheckSymbolExists.c:
/* */
#include <stdbool.h>
#include <sys/types.h>
#include <arpa/inet.h>
#include <arpa/nameser.h>
#include <netdb.h>
#include <net/if.h>
#include <netinet/in.h>
#include <netinet/tcp.h>
#include <signal.h>
#include <stdlib.h>
#include <string.h>
#include <strings.h>
#include <sys/ioctl.h>
#include <sys/select.h>
#include <sys/socket.h>
#include <sys/time.h>
#include <sys/uio.h>
#include <time.h>
#include <fcntl.h>
#include <unistd.h>

int main(int argc, char** argv)
{
  (void)argv;
#ifndef ioctlsocket
  return ((int*)(&ioctlsocket))[argc];
#else
  (void)argc;
  return 0;
#endif
}

Determining if the IoctlSocket exist failed with the following output:
Change Dir: /opt/rt-n56u/trunk/libs/c-ares/c-ares-1.15.0/build/CMakeFiles/CMakeTmp

Run Build Command:"/usr/bin/make" "cmTC_2bc27/fast"
make[4]: Entering directory '/opt/rt-n56u/trunk/libs/c-ares/c-ares-1.15.0/build/CMakeFiles/CMakeTmp'
/usr/bin/make -f CMakeFiles/cmTC_2bc27.dir/build.make CMakeFiles/cmTC_2bc27.dir/build
make[5]: Entering directory '/opt/rt-n56u/trunk/libs/c-ares/c-ares-1.15.0/build/CMakeFiles/CMakeTmp'
Building C object CMakeFiles/cmTC_2bc27.dir/CheckSymbolExists.c.o
/opt/rt-n56u/toolchain-mipsel/toolchain-3.4.x/bin/mipsel-linux-uclibc-gcc -D_GNU_SOURCE -D_POSIX_C_SOURCE=199309L -D_XOPEN_SOURCE=600  -Os -fomit-frame-pointer -pipe  -DEMBED -I/opt/rt-n56u/trunk/stage/include -Dlinux -D__linux__ -Dunix -Wall -Wno-trigraphs -Wno-strict-aliasing -Wno-format-security   -Wno-pointer-sign -ffunction-sections -fdata-sections    -o CMakeFiles/cmTC_2bc27.dir/CheckSymbolExists.c.o   -c /opt/rt-n56u/trunk/libs/c-ares/c-ares-1.15.0/build/CMakeFiles/CMakeTmp/CheckSymbolExists.c
/opt/rt-n56u/trunk/libs/c-ares/c-ares-1.15.0/build/CMakeFiles/CMakeTmp/CheckSymbolExists.c: In function 'main':
/opt/rt-n56u/trunk/libs/c-ares/c-ares-1.15.0/build/CMakeFiles/CMakeTmp/CheckSymbolExists.c:27: error: 'IoctlSocket' undeclared (first use in this function)
/opt/rt-n56u/trunk/libs/c-ares/c-ares-1.15.0/build/CMakeFiles/CMakeTmp/CheckSymbolExists.c:27: error: (Each undeclared identifier is reported only once
/opt/rt-n56u/trunk/libs/c-ares/c-ares-1.15.0/build/CMakeFiles/CMakeTmp/CheckSymbolExists.c:27: error: for each function it appears in.)
CMakeFiles/cmTC_2bc27.dir/build.make:65: recipe for target 'CMakeFiles/cmTC_2bc27.dir/CheckSymbolExists.c.o' failed
make[5]: *** [CMakeFiles/cmTC_2bc27.dir/CheckSymbolExists.c.o] Error 1
make[5]: Leaving directory '/opt/rt-n56u/trunk/libs/c-ares/c-ares-1.15.0/build/CMakeFiles/CMakeTmp'
Makefile:126: recipe for target 'cmTC_2bc27/fast' failed
make[4]: *** [cmTC_2bc27/fast] Error 2
make[4]: Leaving directory '/opt/rt-n56u/trunk/libs/c-ares/c-ares-1.15.0/build/CMakeFiles/CMakeTmp'

File /opt/rt-n56u/trunk/libs/c-ares/c-ares-1.15.0/build/CMakeFiles/CMakeTmp/CheckSymbolExists.c:
/* */
#include <stdbool.h>
#include <sys/types.h>
#include <arpa/inet.h>
#include <arpa/nameser.h>
#include <netdb.h>
#include <net/if.h>
#include <netinet/in.h>
#include <netinet/tcp.h>
#include <signal.h>
#include <stdlib.h>
#include <string.h>
#include <strings.h>
#include <sys/ioctl.h>
#include <sys/select.h>
#include <sys/socket.h>
#include <sys/time.h>
#include <sys/uio.h>
#include <time.h>
#include <fcntl.h>
#include <unistd.h>

int main(int argc, char** argv)
{
  (void)argv;
#ifndef IoctlSocket
  return ((int*)(&IoctlSocket))[argc];
#else
  (void)argc;
  return 0;
#endif
}

Determining if the strcmpi exist failed with the following output:
Change Dir: /opt/rt-n56u/trunk/libs/c-ares/c-ares-1.15.0/build/CMakeFiles/CMakeTmp

Run Build Command:"/usr/bin/make" "cmTC_88ccb/fast"
make[4]: Entering directory '/opt/rt-n56u/trunk/libs/c-ares/c-ares-1.15.0/build/CMakeFiles/CMakeTmp'
/usr/bin/make -f CMakeFiles/cmTC_88ccb.dir/build.make CMakeFiles/cmTC_88ccb.dir/build
make[5]: Entering directory '/opt/rt-n56u/trunk/libs/c-ares/c-ares-1.15.0/build/CMakeFiles/CMakeTmp'
Building C object CMakeFiles/cmTC_88ccb.dir/CheckSymbolExists.c.o
/opt/rt-n56u/toolchain-mipsel/toolchain-3.4.x/bin/mipsel-linux-uclibc-gcc -D_GNU_SOURCE -D_POSIX_C_SOURCE=199309L -D_XOPEN_SOURCE=600  -Os -fomit-frame-pointer -pipe  -DEMBED -I/opt/rt-n56u/trunk/stage/include -Dlinux -D__linux__ -Dunix -Wall -Wno-trigraphs -Wno-strict-aliasing -Wno-format-security   -Wno-pointer-sign -ffunction-sections -fdata-sections    -o CMakeFiles/cmTC_88ccb.dir/CheckSymbolExists.c.o   -c /opt/rt-n56u/trunk/libs/c-ares/c-ares-1.15.0/build/CMakeFiles/CMakeTmp/CheckSymbolExists.c
/opt/rt-n56u/trunk/libs/c-ares/c-ares-1.15.0/build/CMakeFiles/CMakeTmp/CheckSymbolExists.c: In function 'main':
/opt/rt-n56u/trunk/libs/c-ares/c-ares-1.15.0/build/CMakeFiles/CMakeTmp/CheckSymbolExists.c:27: error: 'strcmpi' undeclared (first use in this function)
/opt/rt-n56u/trunk/libs/c-ares/c-ares-1.15.0/build/CMakeFiles/CMakeTmp/CheckSymbolExists.c:27: error: (Each undeclared identifier is reported only once
/opt/rt-n56u/trunk/libs/c-ares/c-ares-1.15.0/build/CMakeFiles/CMakeTmp/CheckSymbolExists.c:27: error: for each function it appears in.)
CMakeFiles/cmTC_88ccb.dir/build.make:65: recipe for target 'CMakeFiles/cmTC_88ccb.dir/CheckSymbolExists.c.o' failed
make[5]: *** [CMakeFiles/cmTC_88ccb.dir/CheckSymbolExists.c.o] Error 1
make[5]: Leaving directory '/opt/rt-n56u/trunk/libs/c-ares/c-ares-1.15.0/build/CMakeFiles/CMakeTmp'
Makefile:126: recipe for target 'cmTC_88ccb/fast' failed
make[4]: *** [cmTC_88ccb/fast] Error 2
make[4]: Leaving directory '/opt/rt-n56u/trunk/libs/c-ares/c-ares-1.15.0/build/CMakeFiles/CMakeTmp'

File /opt/rt-n56u/trunk/libs/c-ares/c-ares-1.15.0/build/CMakeFiles/CMakeTmp/CheckSymbolExists.c:
/* */
#include <stdbool.h>
#include <sys/types.h>
#include <arpa/inet.h>
#include <arpa/nameser.h>
#include <netdb.h>
#include <net/if.h>
#include <netinet/in.h>
#include <netinet/tcp.h>
#include <signal.h>
#include <stdlib.h>
#include <string.h>
#include <strings.h>
#include <sys/ioctl.h>
#include <sys/select.h>
#include <sys/socket.h>
#include <sys/time.h>
#include <sys/uio.h>
#include <time.h>
#include <fcntl.h>
#include <unistd.h>

int main(int argc, char** argv)
{
  (void)argv;
#ifndef strcmpi
  return ((int*)(&strcmpi))[argc];
#else
  (void)argc;
  return 0;
#endif
}

Determining if the stricmp exist failed with the following output:
Change Dir: /opt/rt-n56u/trunk/libs/c-ares/c-ares-1.15.0/build/CMakeFiles/CMakeTmp

Run Build Command:"/usr/bin/make" "cmTC_8ecb7/fast"
make[4]: Entering directory '/opt/rt-n56u/trunk/libs/c-ares/c-ares-1.15.0/build/CMakeFiles/CMakeTmp'
/usr/bin/make -f CMakeFiles/cmTC_8ecb7.dir/build.make CMakeFiles/cmTC_8ecb7.dir/build
make[5]: Entering directory '/opt/rt-n56u/trunk/libs/c-ares/c-ares-1.15.0/build/CMakeFiles/CMakeTmp'
Building C object CMakeFiles/cmTC_8ecb7.dir/CheckSymbolExists.c.o
/opt/rt-n56u/toolchain-mipsel/toolchain-3.4.x/bin/mipsel-linux-uclibc-gcc -D_GNU_SOURCE -D_POSIX_C_SOURCE=199309L -D_XOPEN_SOURCE=600  -Os -fomit-frame-pointer -pipe  -DEMBED -I/opt/rt-n56u/trunk/stage/include -Dlinux -D__linux__ -Dunix -Wall -Wno-trigraphs -Wno-strict-aliasing -Wno-format-security   -Wno-pointer-sign -ffunction-sections -fdata-sections    -o CMakeFiles/cmTC_8ecb7.dir/CheckSymbolExists.c.o   -c /opt/rt-n56u/trunk/libs/c-ares/c-ares-1.15.0/build/CMakeFiles/CMakeTmp/CheckSymbolExists.c
/opt/rt-n56u/trunk/libs/c-ares/c-ares-1.15.0/build/CMakeFiles/CMakeTmp/CheckSymbolExists.c: In function 'main':
/opt/rt-n56u/trunk/libs/c-ares/c-ares-1.15.0/build/CMakeFiles/CMakeTmp/CheckSymbolExists.c:27: error: 'stricmp' undeclared (first use in this function)
/opt/rt-n56u/trunk/libs/c-ares/c-ares-1.15.0/build/CMakeFiles/CMakeTmp/CheckSymbolExists.c:27: error: (Each undeclared identifier is reported only once
/opt/rt-n56u/trunk/libs/c-ares/c-ares-1.15.0/build/CMakeFiles/CMakeTmp/CheckSymbolExists.c:27: error: for each function it appears in.)
CMakeFiles/cmTC_8ecb7.dir/build.make:65: recipe for target 'CMakeFiles/cmTC_8ecb7.dir/CheckSymbolExists.c.o' failed
make[5]: *** [CMakeFiles/cmTC_8ecb7.dir/CheckSymbolExists.c.o] Error 1
make[5]: Leaving directory '/opt/rt-n56u/trunk/libs/c-ares/c-ares-1.15.0/build/CMakeFiles/CMakeTmp'
Makefile:126: recipe for target 'cmTC_8ecb7/fast' failed
make[4]: *** [cmTC_8ecb7/fast] Error 2
make[4]: Leaving directory '/opt/rt-n56u/trunk/libs/c-ares/c-ares-1.15.0/build/CMakeFiles/CMakeTmp'

File /opt/rt-n56u/trunk/libs/c-ares/c-ares-1.15.0/build/CMakeFiles/CMakeTmp/CheckSymbolExists.c:
/* */
#include <stdbool.h>
#include <sys/types.h>
#include <arpa/inet.h>
#include <arpa/nameser.h>
#include <netdb.h>
#include <net/if.h>
#include <netinet/in.h>
#include <netinet/tcp.h>
#include <signal.h>
#include <stdlib.h>
#include <string.h>
#include <strings.h>
#include <sys/ioctl.h>
#include <sys/select.h>
#include <sys/socket.h>
#include <sys/time.h>
#include <sys/uio.h>
#include <time.h>
#include <fcntl.h>
#include <unistd.h>

int main(int argc, char** argv)
{
  (void)argv;
#ifndef stricmp
  return ((int*)(&stricmp))[argc];
#else
  (void)argc;
  return 0;
#endif
}

Determining if the strncmpi exist failed with the following output:
Change Dir: /opt/rt-n56u/trunk/libs/c-ares/c-ares-1.15.0/build/CMakeFiles/CMakeTmp

Run Build Command:"/usr/bin/make" "cmTC_3e94b/fast"
make[4]: Entering directory '/opt/rt-n56u/trunk/libs/c-ares/c-ares-1.15.0/build/CMakeFiles/CMakeTmp'
/usr/bin/make -f CMakeFiles/cmTC_3e94b.dir/build.make CMakeFiles/cmTC_3e94b.dir/build
make[5]: Entering directory '/opt/rt-n56u/trunk/libs/c-ares/c-ares-1.15.0/build/CMakeFiles/CMakeTmp'
Building C object CMakeFiles/cmTC_3e94b.dir/CheckSymbolExists.c.o
/opt/rt-n56u/toolchain-mipsel/toolchain-3.4.x/bin/mipsel-linux-uclibc-gcc -D_GNU_SOURCE -D_POSIX_C_SOURCE=199309L -D_XOPEN_SOURCE=600  -Os -fomit-frame-pointer -pipe  -DEMBED -I/opt/rt-n56u/trunk/stage/include -Dlinux -D__linux__ -Dunix -Wall -Wno-trigraphs -Wno-strict-aliasing -Wno-format-security   -Wno-pointer-sign -ffunction-sections -fdata-sections    -o CMakeFiles/cmTC_3e94b.dir/CheckSymbolExists.c.o   -c /opt/rt-n56u/trunk/libs/c-ares/c-ares-1.15.0/build/CMakeFiles/CMakeTmp/CheckSymbolExists.c
/opt/rt-n56u/trunk/libs/c-ares/c-ares-1.15.0/build/CMakeFiles/CMakeTmp/CheckSymbolExists.c: In function 'main':
/opt/rt-n56u/trunk/libs/c-ares/c-ares-1.15.0/build/CMakeFiles/CMakeTmp/CheckSymbolExists.c:27: error: 'strncmpi' undeclared (first use in this function)
/opt/rt-n56u/trunk/libs/c-ares/c-ares-1.15.0/build/CMakeFiles/CMakeTmp/CheckSymbolExists.c:27: error: (Each undeclared identifier is reported only once
/opt/rt-n56u/trunk/libs/c-ares/c-ares-1.15.0/build/CMakeFiles/CMakeTmp/CheckSymbolExists.c:27: error: for each function it appears in.)
CMakeFiles/cmTC_3e94b.dir/build.make:65: recipe for target 'CMakeFiles/cmTC_3e94b.dir/CheckSymbolExists.c.o' failed
make[5]: *** [CMakeFiles/cmTC_3e94b.dir/CheckSymbolExists.c.o] Error 1
make[5]: Leaving directory '/opt/rt-n56u/trunk/libs/c-ares/c-ares-1.15.0/build/CMakeFiles/CMakeTmp'
Makefile:126: recipe for target 'cmTC_3e94b/fast' failed
make[4]: *** [cmTC_3e94b/fast] Error 2
make[4]: Leaving directory '/opt/rt-n56u/trunk/libs/c-ares/c-ares-1.15.0/build/CMakeFiles/CMakeTmp'

File /opt/rt-n56u/trunk/libs/c-ares/c-ares-1.15.0/build/CMakeFiles/CMakeTmp/CheckSymbolExists.c:
/* */
#include <stdbool.h>
#include <sys/types.h>
#include <arpa/inet.h>
#include <arpa/nameser.h>
#include <netdb.h>
#include <net/if.h>
#include <netinet/in.h>
#include <netinet/tcp.h>
#include <signal.h>
#include <stdlib.h>
#include <string.h>
#include <strings.h>
#include <sys/ioctl.h>
#include <sys/select.h>
#include <sys/socket.h>
#include <sys/time.h>
#include <sys/uio.h>
#include <time.h>
#include <fcntl.h>
#include <unistd.h>

int main(int argc, char** argv)
{
  (void)argv;
#ifndef strncmpi
  return ((int*)(&strncmpi))[argc];
#else
  (void)argc;
  return 0;
#endif
}

Determining if the strnicmp exist failed with the following output:
Change Dir: /opt/rt-n56u/trunk/libs/c-ares/c-ares-1.15.0/build/CMakeFiles/CMakeTmp

Run Build Command:"/usr/bin/make" "cmTC_cf679/fast"
make[4]: Entering directory '/opt/rt-n56u/trunk/libs/c-ares/c-ares-1.15.0/build/CMakeFiles/CMakeTmp'
/usr/bin/make -f CMakeFiles/cmTC_cf679.dir/build.make CMakeFiles/cmTC_cf679.dir/build
make[5]: Entering directory '/opt/rt-n56u/trunk/libs/c-ares/c-ares-1.15.0/build/CMakeFiles/CMakeTmp'
Building C object CMakeFiles/cmTC_cf679.dir/CheckSymbolExists.c.o
/opt/rt-n56u/toolchain-mipsel/toolchain-3.4.x/bin/mipsel-linux-uclibc-gcc -D_GNU_SOURCE -D_POSIX_C_SOURCE=199309L -D_XOPEN_SOURCE=600  -Os -fomit-frame-pointer -pipe  -DEMBED -I/opt/rt-n56u/trunk/stage/include -Dlinux -D__linux__ -Dunix -Wall -Wno-trigraphs -Wno-strict-aliasing -Wno-format-security   -Wno-pointer-sign -ffunction-sections -fdata-sections    -o CMakeFiles/cmTC_cf679.dir/CheckSymbolExists.c.o   -c /opt/rt-n56u/trunk/libs/c-ares/c-ares-1.15.0/build/CMakeFiles/CMakeTmp/CheckSymbolExists.c
/opt/rt-n56u/trunk/libs/c-ares/c-ares-1.15.0/build/CMakeFiles/CMakeTmp/CheckSymbolExists.c: In function 'main':
/opt/rt-n56u/trunk/libs/c-ares/c-ares-1.15.0/build/CMakeFiles/CMakeTmp/CheckSymbolExists.c:27: error: 'strnicmp' undeclared (first use in this function)
/opt/rt-n56u/trunk/libs/c-ares/c-ares-1.15.0/build/CMakeFiles/CMakeTmp/CheckSymbolExists.c:27: error: (Each undeclared identifier is reported only once
/opt/rt-n56u/trunk/libs/c-ares/c-ares-1.15.0/build/CMakeFiles/CMakeTmp/CheckSymbolExists.c:27: error: for each function it appears in.)
CMakeFiles/cmTC_cf679.dir/build.make:65: recipe for target 'CMakeFiles/cmTC_cf679.dir/CheckSymbolExists.c.o' failed
make[5]: *** [CMakeFiles/cmTC_cf679.dir/CheckSymbolExists.c.o] Error 1
make[5]: Leaving directory '/opt/rt-n56u/trunk/libs/c-ares/c-ares-1.15.0/build/CMakeFiles/CMakeTmp'
Makefile:126: recipe for target 'cmTC_cf679/fast' failed
make[4]: *** [cmTC_cf679/fast] Error 2
make[4]: Leaving directory '/opt/rt-n56u/trunk/libs/c-ares/c-ares-1.15.0/build/CMakeFiles/CMakeTmp'

File /opt/rt-n56u/trunk/libs/c-ares/c-ares-1.15.0/build/CMakeFiles/CMakeTmp/CheckSymbolExists.c:
/* */
#include <stdbool.h>
#include <sys/types.h>
#include <arpa/inet.h>
#include <arpa/nameser.h>
#include <netdb.h>
#include <net/if.h>
#include <netinet/in.h>
#include <netinet/tcp.h>
#include <signal.h>
#include <stdlib.h>
#include <string.h>
#include <strings.h>
#include <sys/ioctl.h>
#include <sys/select.h>
#include <sys/socket.h>
#include <sys/time.h>
#include <sys/uio.h>
#include <time.h>
#include <fcntl.h>
#include <unistd.h>

int main(int argc, char** argv)
{
  (void)argv;
#ifndef strnicmp
  return ((int*)(&strnicmp))[argc];
#else
  (void)argc;
  return 0;
#endif
}

Determining if the function __system_property_get exists failed with the following output:
Change Dir: /opt/rt-n56u/trunk/libs/c-ares/c-ares-1.15.0/build/CMakeFiles/CMakeTmp

Run Build Command:"/usr/bin/make" "cmTC_b1689/fast"
make[4]: Entering directory '/opt/rt-n56u/trunk/libs/c-ares/c-ares-1.15.0/build/CMakeFiles/CMakeTmp'
/usr/bin/make -f CMakeFiles/cmTC_b1689.dir/build.make CMakeFiles/cmTC_b1689.dir/build
make[5]: Entering directory '/opt/rt-n56u/trunk/libs/c-ares/c-ares-1.15.0/build/CMakeFiles/CMakeTmp'
Building C object CMakeFiles/cmTC_b1689.dir/CheckFunctionExists.c.o
/opt/rt-n56u/toolchain-mipsel/toolchain-3.4.x/bin/mipsel-linux-uclibc-gcc -D_GNU_SOURCE -D_POSIX_C_SOURCE=199309L -D_XOPEN_SOURCE=600  -Os -fomit-frame-pointer -pipe  -DEMBED -I/opt/rt-n56u/trunk/stage/include -Dlinux -D__linux__ -Dunix -Wall -Wno-trigraphs -Wno-strict-aliasing -Wno-format-security   -Wno-pointer-sign -ffunction-sections -fdata-sections -DCHECK_FUNCTION_EXISTS=__system_property_get   -o CMakeFiles/cmTC_b1689.dir/CheckFunctionExists.c.o   -c /usr/share/cmake-3.10/Modules/CheckFunctionExists.c
Linking C executable cmTC_b1689
/usr/bin/cmake -E cmake_link_script CMakeFiles/cmTC_b1689.dir/link.txt --verbose=1
/opt/rt-n56u/toolchain-mipsel/toolchain-3.4.x/bin/mipsel-linux-uclibc-gcc -Os -fomit-frame-pointer -pipe  -DEMBED -I/opt/rt-n56u/trunk/stage/include -Dlinux -D__linux__ -Dunix -Wall -Wno-trigraphs -Wno-strict-aliasing -Wno-format-security   -Wno-pointer-sign -ffunction-sections -fdata-sections -DCHECK_FUNCTION_EXISTS=__system_property_get  -L/opt/rt-n56u/trunk/stage/lib -Wl,--gc-sections  -rdynamic CMakeFiles/cmTC_b1689.dir/CheckFunctionExists.c.o  -o cmTC_b1689 -lnsl -lrt 
CMakeFiles/cmTC_b1689.dir/CheckFunctionExists.c.o: In function `main':
CheckFunctionExists.c:(.text.main+0x14): undefined reference to `__system_property_get'
collect2: ld returned 1 exit status
CMakeFiles/cmTC_b1689.dir/build.make:97: recipe for target 'cmTC_b1689' failed
make[5]: *** [cmTC_b1689] Error 1
make[5]: Leaving directory '/opt/rt-n56u/trunk/libs/c-ares/c-ares-1.15.0/build/CMakeFiles/CMakeTmp'
Makefile:126: recipe for target 'cmTC_b1689/fast' failed
make[4]: *** [cmTC_b1689/fast] Error 2
make[4]: Leaving directory '/opt/rt-n56u/trunk/libs/c-ares/c-ares-1.15.0/build/CMakeFiles/CMakeTmp'


