The target system is: Linux -  - 
The host system is: Linux - 4.4.0-17763-Microsoft - x86_64
Compiling the C compiler identification source file "CMakeCCompilerId.c" succeeded.
Compiler: /opt/rt-n56u/toolchain-mipsel/toolchain-3.4.x/bin/mipsel-linux-uclibc-gcc 
Build flags: -Os;-fomit-frame-pointer;-pipe;;-Dlinux;-D__linux__;-Dunix;-DEMBED;-I/opt/rt-n56u/trunk/stage/include;-Wall;-Wno-trigraphs;-Wno-strict-aliasing;-Wno-format-security;;;-Wno-pointer-sign
Id flags:  

The output was:
0


Compilation of the C compiler identification source "CMakeCCompilerId.c" produced "a.out"

The C compiler identification is GNU, found in "/opt/rt-n56u/trunk/user/dns-forwarder/dns-forwarder-1.2.1/build/CMakeFiles/3.10.2/CompilerIdC/a.out"

Compiling the CXX compiler identification source file "CMakeCXXCompilerId.cpp" succeeded.
Compiler: /opt/rt-n56u/toolchain-mipsel/toolchain-3.4.x/bin/mipsel-linux-uclibc-g++ 
Build flags: -Os;-fomit-frame-pointer;-pipe;;-Dlinux;-D__linux__;-Dunix;-DEMBED;-I/opt/rt-n56u/trunk/stage/include;-Wall;-Wno-trigraphs;-Wno-strict-aliasing;-Wno-format-security;;;
Id flags:  

The output was:
0


Compilation of the CXX compiler identification source "CMakeCXXCompilerId.cpp" produced "a.out"

The CXX compiler identification is GNU, found in "/opt/rt-n56u/trunk/user/dns-forwarder/dns-forwarder-1.2.1/build/CMakeFiles/3.10.2/CompilerIdCXX/a.out"

Determining if the C compiler works passed with the following output:
Change Dir: /opt/rt-n56u/trunk/user/dns-forwarder/dns-forwarder-1.2.1/build/CMakeFiles/CMakeTmp

Run Build Command:"/usr/bin/make" "cmTC_f14d6/fast"
make[4]: Entering directory '/opt/rt-n56u/trunk/user/dns-forwarder/dns-forwarder-1.2.1/build/CMakeFiles/CMakeTmp'
/usr/bin/make -f CMakeFiles/cmTC_f14d6.dir/build.make CMakeFiles/cmTC_f14d6.dir/build
make[5]: Entering directory '/opt/rt-n56u/trunk/user/dns-forwarder/dns-forwarder-1.2.1/build/CMakeFiles/CMakeTmp'
Building C object CMakeFiles/cmTC_f14d6.dir/testCCompiler.c.o
/opt/rt-n56u/toolchain-mipsel/toolchain-3.4.x/bin/mipsel-linux-uclibc-gcc   -Os -fomit-frame-pointer -pipe  -Dlinux -D__linux__ -Dunix -DEMBED -I/opt/rt-n56u/trunk/stage/include -Wall -Wno-trigraphs -Wno-strict-aliasing -Wno-format-security   -Wno-pointer-sign    -o CMakeFiles/cmTC_f14d6.dir/testCCompiler.c.o   -c /opt/rt-n56u/trunk/user/dns-forwarder/dns-forwarder-1.2.1/build/CMakeFiles/CMakeTmp/testCCompiler.c
Linking C executable cmTC_f14d6
/usr/bin/cmake -E cmake_link_script CMakeFiles/cmTC_f14d6.dir/link.txt --verbose=1
/opt/rt-n56u/toolchain-mipsel/toolchain-3.4.x/bin/mipsel-linux-uclibc-gcc -Os -fomit-frame-pointer -pipe  -Dlinux -D__linux__ -Dunix -DEMBED -I/opt/rt-n56u/trunk/stage/include -Wall -Wno-trigraphs -Wno-strict-aliasing -Wno-format-security   -Wno-pointer-sign   -L/opt/rt-n56u/trunk/stage/lib  -rdynamic CMakeFiles/cmTC_f14d6.dir/testCCompiler.c.o  -o cmTC_f14d6 
make[5]: Leaving directory '/opt/rt-n56u/trunk/user/dns-forwarder/dns-forwarder-1.2.1/build/CMakeFiles/CMakeTmp'
make[4]: Leaving directory '/opt/rt-n56u/trunk/user/dns-forwarder/dns-forwarder-1.2.1/build/CMakeFiles/CMakeTmp'


Detecting C compiler ABI info compiled with the following output:
Change Dir: /opt/rt-n56u/trunk/user/dns-forwarder/dns-forwarder-1.2.1/build/CMakeFiles/CMakeTmp

Run Build Command:"/usr/bin/make" "cmTC_85309/fast"
make[4]: Entering directory '/opt/rt-n56u/trunk/user/dns-forwarder/dns-forwarder-1.2.1/build/CMakeFiles/CMakeTmp'
/usr/bin/make -f CMakeFiles/cmTC_85309.dir/build.make CMakeFiles/cmTC_85309.dir/build
make[5]: Entering directory '/opt/rt-n56u/trunk/user/dns-forwarder/dns-forwarder-1.2.1/build/CMakeFiles/CMakeTmp'
Building C object CMakeFiles/cmTC_85309.dir/CMakeCCompilerABI.c.o
/opt/rt-n56u/toolchain-mipsel/toolchain-3.4.x/bin/mipsel-linux-uclibc-gcc   -Os -fomit-frame-pointer -pipe  -Dlinux -D__linux__ -Dunix -DEMBED -I/opt/rt-n56u/trunk/stage/include -Wall -Wno-trigraphs -Wno-strict-aliasing -Wno-format-security   -Wno-pointer-sign    -o CMakeFiles/cmTC_85309.dir/CMakeCCompilerABI.c.o   -c /usr/share/cmake-3.10/Modules/CMakeCCompilerABI.c
Linking C executable cmTC_85309
/usr/bin/cmake -E cmake_link_script CMakeFiles/cmTC_85309.dir/link.txt --verbose=1
/opt/rt-n56u/toolchain-mipsel/toolchain-3.4.x/bin/mipsel-linux-uclibc-gcc -Os -fomit-frame-pointer -pipe  -Dlinux -D__linux__ -Dunix -DEMBED -I/opt/rt-n56u/trunk/stage/include -Wall -Wno-trigraphs -Wno-strict-aliasing -Wno-format-security   -Wno-pointer-sign   -L/opt/rt-n56u/trunk/stage/lib -v -rdynamic CMakeFiles/cmTC_85309.dir/CMakeCCompilerABI.c.o  -o cmTC_85309 
Using built-in specs.
Target: mipsel-linux-uclibc
Configured with: ../gcc-4.4.7/configure --target=mipsel-linux-uclibc --prefix=/opt/rt-n56u/toolchain-mipsel/toolchain-3.4.x --with-gnu-ld --with-gnu-as --disable-shared --disable-multilib --enable-tls --enable-threads=posix --disable-libmudflap --disable-libssp --disable-sanity-checks --disable-werror --disable-lto --enable-ld=yes --enable-gold=no --disable-libgomp --disable-nls --with-sysroot=/opt/rt-n56u/toolchain-mipsel/toolchain-3.4.x --enable-languages=c++
Thread model: posix
gcc version 4.4.7 (GCC) 
COMPILER_PATH=/opt/rt-n56u/toolchain-mipsel/toolchain-3.4.x/libexec/gcc/mipsel-linux-uclibc/4.4.7/:/opt/rt-n56u/toolchain-mipsel/toolchain-3.4.x/libexec/gcc/mipsel-linux-uclibc/4.4.7/:/opt/rt-n56u/toolchain-mipsel/toolchain-3.4.x/libexec/gcc/mipsel-linux-uclibc/:/opt/rt-n56u/toolchain-mipsel/toolchain-3.4.x/lib/gcc/mipsel-linux-uclibc/4.4.7/:/opt/rt-n56u/toolchain-mipsel/toolchain-3.4.x/lib/gcc/mipsel-linux-uclibc/:/opt/rt-n56u/toolchain-mipsel/toolchain-3.4.x/lib/gcc/mipsel-linux-uclibc/4.4.7/../../../../mipsel-linux-uclibc/bin/
LIBRARY_PATH=/opt/rt-n56u/toolchain-mipsel/toolchain-3.4.x/lib/gcc/mipsel-linux-uclibc/4.4.7/:/opt/rt-n56u/toolchain-mipsel/toolchain-3.4.x/lib/gcc/mipsel-linux-uclibc/4.4.7/../../../../mipsel-linux-uclibc/lib/:/opt/rt-n56u/toolchain-mipsel/toolchain-3.4.x/lib/
COLLECT_GCC_OPTIONS='-Os' '-fomit-frame-pointer' '-pipe' '-Dlinux' '-D__linux__' '-Dunix' '-DEMBED' '-I/opt/rt-n56u/trunk/stage/include' '-Wall' '-Wno-trigraphs' '-Wno-strict-aliasing' '-Wno-format-security' '-Wno-pointer-sign' '-L/opt/rt-n56u/trunk/stage/lib' '-v' '-rdynamic' '-o' 'cmTC_85309' '-mllsc' '-mno-shared'
 /opt/rt-n56u/toolchain-mipsel/toolchain-3.4.x/libexec/gcc/mipsel-linux-uclibc/4.4.7/collect2 --sysroot=/opt/rt-n56u/toolchain-mipsel/toolchain-3.4.x --eh-frame-hdr -EL -export-dynamic -dynamic-linker /lib/ld-uClibc.so.0 -o cmTC_85309 /opt/rt-n56u/toolchain-mipsel/toolchain-3.4.x/lib/crt1.o /opt/rt-n56u/toolchain-mipsel/toolchain-3.4.x/lib/crti.o /opt/rt-n56u/toolchain-mipsel/toolchain-3.4.x/lib/gcc/mipsel-linux-uclibc/4.4.7/crtbegin.o -L/opt/rt-n56u/trunk/stage/lib -L/opt/rt-n56u/toolchain-mipsel/toolchain-3.4.x/lib/gcc/mipsel-linux-uclibc/4.4.7 -L/opt/rt-n56u/toolchain-mipsel/toolchain-3.4.x/lib/gcc/mipsel-linux-uclibc/4.4.7/../../../../mipsel-linux-uclibc/lib -L/opt/rt-n56u/toolchain-mipsel/toolchain-3.4.x/lib CMakeFiles/cmTC_85309.dir/CMakeCCompilerABI.c.o -lgcc -lc -lgcc /opt/rt-n56u/toolchain-mipsel/toolchain-3.4.x/lib/gcc/mipsel-linux-uclibc/4.4.7/crtend.o /opt/rt-n56u/toolchain-mipsel/toolchain-3.4.x/lib/crtn.o
make[5]: Leaving directory '/opt/rt-n56u/trunk/user/dns-forwarder/dns-forwarder-1.2.1/build/CMakeFiles/CMakeTmp'
make[4]: Leaving directory '/opt/rt-n56u/trunk/user/dns-forwarder/dns-forwarder-1.2.1/build/CMakeFiles/CMakeTmp'


Parsed C implicit link information from above output:
  link line regex: [^( *|.*[/\])(mipsel-linux-uclibc-ld|CMAKE_LINK_STARTFILE-NOTFOUND|([^/\]+-)?ld|collect2)[^/\]*( |$)]
  ignore line: [Change Dir: /opt/rt-n56u/trunk/user/dns-forwarder/dns-forwarder-1.2.1/build/CMakeFiles/CMakeTmp]
  ignore line: []
  ignore line: [Run Build Command:"/usr/bin/make" "cmTC_85309/fast"]
  ignore line: [make[4]: Entering directory '/opt/rt-n56u/trunk/user/dns-forwarder/dns-forwarder-1.2.1/build/CMakeFiles/CMakeTmp']
  ignore line: [/usr/bin/make -f CMakeFiles/cmTC_85309.dir/build.make CMakeFiles/cmTC_85309.dir/build]
  ignore line: [make[5]: Entering directory '/opt/rt-n56u/trunk/user/dns-forwarder/dns-forwarder-1.2.1/build/CMakeFiles/CMakeTmp']
  ignore line: [Building C object CMakeFiles/cmTC_85309.dir/CMakeCCompilerABI.c.o]
  ignore line: [/opt/rt-n56u/toolchain-mipsel/toolchain-3.4.x/bin/mipsel-linux-uclibc-gcc   -Os -fomit-frame-pointer -pipe  -Dlinux -D__linux__ -Dunix -DEMBED -I/opt/rt-n56u/trunk/stage/include -Wall -Wno-trigraphs -Wno-strict-aliasing -Wno-format-security   -Wno-pointer-sign    -o CMakeFiles/cmTC_85309.dir/CMakeCCompilerABI.c.o   -c /usr/share/cmake-3.10/Modules/CMakeCCompilerABI.c]
  ignore line: [Linking C executable cmTC_85309]
  ignore line: [/usr/bin/cmake -E cmake_link_script CMakeFiles/cmTC_85309.dir/link.txt --verbose=1]
  ignore line: [/opt/rt-n56u/toolchain-mipsel/toolchain-3.4.x/bin/mipsel-linux-uclibc-gcc -Os -fomit-frame-pointer -pipe  -Dlinux -D__linux__ -Dunix -DEMBED -I/opt/rt-n56u/trunk/stage/include -Wall -Wno-trigraphs -Wno-strict-aliasing -Wno-format-security   -Wno-pointer-sign   -L/opt/rt-n56u/trunk/stage/lib -v -rdynamic CMakeFiles/cmTC_85309.dir/CMakeCCompilerABI.c.o  -o cmTC_85309 ]
  ignore line: [Using built-in specs.]
  ignore line: [Target: mipsel-linux-uclibc]
  ignore line: [Configured with: ../gcc-4.4.7/configure --target=mipsel-linux-uclibc --prefix=/opt/rt-n56u/toolchain-mipsel/toolchain-3.4.x --with-gnu-ld --with-gnu-as --disable-shared --disable-multilib --enable-tls --enable-threads=posix --disable-libmudflap --disable-libssp --disable-sanity-checks --disable-werror --disable-lto --enable-ld=yes --enable-gold=no --disable-libgomp --disable-nls --with-sysroot=/opt/rt-n56u/toolchain-mipsel/toolchain-3.4.x --enable-languages=c++]
  ignore line: [Thread model: posix]
  ignore line: [gcc version 4.4.7 (GCC) ]
  ignore line: [COMPILER_PATH=/opt/rt-n56u/toolchain-mipsel/toolchain-3.4.x/libexec/gcc/mipsel-linux-uclibc/4.4.7/:/opt/rt-n56u/toolchain-mipsel/toolchain-3.4.x/libexec/gcc/mipsel-linux-uclibc/4.4.7/:/opt/rt-n56u/toolchain-mipsel/toolchain-3.4.x/libexec/gcc/mipsel-linux-uclibc/:/opt/rt-n56u/toolchain-mipsel/toolchain-3.4.x/lib/gcc/mipsel-linux-uclibc/4.4.7/:/opt/rt-n56u/toolchain-mipsel/toolchain-3.4.x/lib/gcc/mipsel-linux-uclibc/:/opt/rt-n56u/toolchain-mipsel/toolchain-3.4.x/lib/gcc/mipsel-linux-uclibc/4.4.7/../../../../mipsel-linux-uclibc/bin/]
  ignore line: [LIBRARY_PATH=/opt/rt-n56u/toolchain-mipsel/toolchain-3.4.x/lib/gcc/mipsel-linux-uclibc/4.4.7/:/opt/rt-n56u/toolchain-mipsel/toolchain-3.4.x/lib/gcc/mipsel-linux-uclibc/4.4.7/../../../../mipsel-linux-uclibc/lib/:/opt/rt-n56u/toolchain-mipsel/toolchain-3.4.x/lib/]
  ignore line: [COLLECT_GCC_OPTIONS='-Os' '-fomit-frame-pointer' '-pipe' '-Dlinux' '-D__linux__' '-Dunix' '-DEMBED' '-I/opt/rt-n56u/trunk/stage/include' '-Wall' '-Wno-trigraphs' '-Wno-strict-aliasing' '-Wno-format-security' '-Wno-pointer-sign' '-L/opt/rt-n56u/trunk/stage/lib' '-v' '-rdynamic' '-o' 'cmTC_85309' '-mllsc' '-mno-shared']
  link line: [ /opt/rt-n56u/toolchain-mipsel/toolchain-3.4.x/libexec/gcc/mipsel-linux-uclibc/4.4.7/collect2 --sysroot=/opt/rt-n56u/toolchain-mipsel/toolchain-3.4.x --eh-frame-hdr -EL -export-dynamic -dynamic-linker /lib/ld-uClibc.so.0 -o cmTC_85309 /opt/rt-n56u/toolchain-mipsel/toolchain-3.4.x/lib/crt1.o /opt/rt-n56u/toolchain-mipsel/toolchain-3.4.x/lib/crti.o /opt/rt-n56u/toolchain-mipsel/toolchain-3.4.x/lib/gcc/mipsel-linux-uclibc/4.4.7/crtbegin.o -L/opt/rt-n56u/trunk/stage/lib -L/opt/rt-n56u/toolchain-mipsel/toolchain-3.4.x/lib/gcc/mipsel-linux-uclibc/4.4.7 -L/opt/rt-n56u/toolchain-mipsel/toolchain-3.4.x/lib/gcc/mipsel-linux-uclibc/4.4.7/../../../../mipsel-linux-uclibc/lib -L/opt/rt-n56u/toolchain-mipsel/toolchain-3.4.x/lib CMakeFiles/cmTC_85309.dir/CMakeCCompilerABI.c.o -lgcc -lc -lgcc /opt/rt-n56u/toolchain-mipsel/toolchain-3.4.x/lib/gcc/mipsel-linux-uclibc/4.4.7/crtend.o /opt/rt-n56u/toolchain-mipsel/toolchain-3.4.x/lib/crtn.o]
    arg [/opt/rt-n56u/toolchain-mipsel/toolchain-3.4.x/libexec/gcc/mipsel-linux-uclibc/4.4.7/collect2] ==> ignore
    arg [--sysroot=/opt/rt-n56u/toolchain-mipsel/toolchain-3.4.x] ==> ignore
    arg [--eh-frame-hdr] ==> ignore
    arg [-EL] ==> ignore
    arg [-export-dynamic] ==> ignore
    arg [-dynamic-linker] ==> ignore
    arg [/lib/ld-uClibc.so.0] ==> ignore
    arg [-o] ==> ignore
    arg [cmTC_85309] ==> ignore
    arg [/opt/rt-n56u/toolchain-mipsel/toolchain-3.4.x/lib/crt1.o] ==> ignore
    arg [/opt/rt-n56u/toolchain-mipsel/toolchain-3.4.x/lib/crti.o] ==> ignore
    arg [/opt/rt-n56u/toolchain-mipsel/toolchain-3.4.x/lib/gcc/mipsel-linux-uclibc/4.4.7/crtbegin.o] ==> ignore
    arg [-L/opt/rt-n56u/trunk/stage/lib] ==> dir [/opt/rt-n56u/trunk/stage/lib]
    arg [-L/opt/rt-n56u/toolchain-mipsel/toolchain-3.4.x/lib/gcc/mipsel-linux-uclibc/4.4.7] ==> dir [/opt/rt-n56u/toolchain-mipsel/toolchain-3.4.x/lib/gcc/mipsel-linux-uclibc/4.4.7]
    arg [-L/opt/rt-n56u/toolchain-mipsel/toolchain-3.4.x/lib/gcc/mipsel-linux-uclibc/4.4.7/../../../../mipsel-linux-uclibc/lib] ==> dir [/opt/rt-n56u/toolchain-mipsel/toolchain-3.4.x/lib/gcc/mipsel-linux-uclibc/4.4.7/../../../../mipsel-linux-uclibc/lib]
    arg [-L/opt/rt-n56u/toolchain-mipsel/toolchain-3.4.x/lib] ==> dir [/opt/rt-n56u/toolchain-mipsel/toolchain-3.4.x/lib]
    arg [CMakeFiles/cmTC_85309.dir/CMakeCCompilerABI.c.o] ==> ignore
    arg [-lgcc] ==> lib [gcc]
    arg [-lc] ==> lib [c]
    arg [-lgcc] ==> lib [gcc]
    arg [/opt/rt-n56u/toolchain-mipsel/toolchain-3.4.x/lib/gcc/mipsel-linux-uclibc/4.4.7/crtend.o] ==> ignore
    arg [/opt/rt-n56u/toolchain-mipsel/toolchain-3.4.x/lib/crtn.o] ==> ignore
  collapse library dir [/opt/rt-n56u/trunk/stage/lib] ==> [/opt/rt-n56u/trunk/stage/lib]
  collapse library dir [/opt/rt-n56u/toolchain-mipsel/toolchain-3.4.x/lib/gcc/mipsel-linux-uclibc/4.4.7] ==> [/opt/rt-n56u/toolchain-mipsel/toolchain-3.4.x/lib/gcc/mipsel-linux-uclibc/4.4.7]
  collapse library dir [/opt/rt-n56u/toolchain-mipsel/toolchain-3.4.x/lib/gcc/mipsel-linux-uclibc/4.4.7/../../../../mipsel-linux-uclibc/lib] ==> [/opt/rt-n56u/toolchain-mipsel/toolchain-3.4.x/mipsel-linux-uclibc/lib]
  collapse library dir [/opt/rt-n56u/toolchain-mipsel/toolchain-3.4.x/lib] ==> [/opt/rt-n56u/toolchain-mipsel/toolchain-3.4.x/lib]
  implicit libs: [gcc;c;gcc]
  implicit dirs: [/opt/rt-n56u/trunk/stage/lib;/opt/rt-n56u/toolchain-mipsel/toolchain-3.4.x/lib/gcc/mipsel-linux-uclibc/4.4.7;/opt/rt-n56u/toolchain-mipsel/toolchain-3.4.x/mipsel-linux-uclibc/lib;/opt/rt-n56u/toolchain-mipsel/toolchain-3.4.x/lib]
  implicit fwks: []




Detecting C [-std=c99] compiler features compiled with the following output:
Change Dir: /opt/rt-n56u/trunk/user/dns-forwarder/dns-forwarder-1.2.1/build/CMakeFiles/CMakeTmp

Run Build Command:"/usr/bin/make" "cmTC_0ffd3/fast"
make[4]: Entering directory '/opt/rt-n56u/trunk/user/dns-forwarder/dns-forwarder-1.2.1/build/CMakeFiles/CMakeTmp'
/usr/bin/make -f CMakeFiles/cmTC_0ffd3.dir/build.make CMakeFiles/cmTC_0ffd3.dir/build
make[5]: Entering directory '/opt/rt-n56u/trunk/user/dns-forwarder/dns-forwarder-1.2.1/build/CMakeFiles/CMakeTmp'
Building C object CMakeFiles/cmTC_0ffd3.dir/feature_tests.c.o
/opt/rt-n56u/toolchain-mipsel/toolchain-3.4.x/bin/mipsel-linux-uclibc-gcc   -Os -fomit-frame-pointer -pipe  -Dlinux -D__linux__ -Dunix -DEMBED -I/opt/rt-n56u/trunk/stage/include -Wall -Wno-trigraphs -Wno-strict-aliasing -Wno-format-security   -Wno-pointer-sign    -std=c99 -o CMakeFiles/cmTC_0ffd3.dir/feature_tests.c.o   -c /opt/rt-n56u/trunk/user/dns-forwarder/dns-forwarder-1.2.1/build/CMakeFiles/feature_tests.c
Linking C executable cmTC_0ffd3
/usr/bin/cmake -E cmake_link_script CMakeFiles/cmTC_0ffd3.dir/link.txt --verbose=1
/opt/rt-n56u/toolchain-mipsel/toolchain-3.4.x/bin/mipsel-linux-uclibc-gcc -Os -fomit-frame-pointer -pipe  -Dlinux -D__linux__ -Dunix -DEMBED -I/opt/rt-n56u/trunk/stage/include -Wall -Wno-trigraphs -Wno-strict-aliasing -Wno-format-security   -Wno-pointer-sign   -L/opt/rt-n56u/trunk/stage/lib  -rdynamic CMakeFiles/cmTC_0ffd3.dir/feature_tests.c.o  -o cmTC_0ffd3 
make[5]: Leaving directory '/opt/rt-n56u/trunk/user/dns-forwarder/dns-forwarder-1.2.1/build/CMakeFiles/CMakeTmp'
make[4]: Leaving directory '/opt/rt-n56u/trunk/user/dns-forwarder/dns-forwarder-1.2.1/build/CMakeFiles/CMakeTmp'


    Feature record: C_FEATURE:1c_function_prototypes
    Feature record: C_FEATURE:1c_restrict
    Feature record: C_FEATURE:0c_static_assert
    Feature record: C_FEATURE:1c_variadic_macros


Detecting C [-std=c89] compiler features compiled with the following output:
Change Dir: /opt/rt-n56u/trunk/user/dns-forwarder/dns-forwarder-1.2.1/build/CMakeFiles/CMakeTmp

Run Build Command:"/usr/bin/make" "cmTC_76e21/fast"
make[4]: Entering directory '/opt/rt-n56u/trunk/user/dns-forwarder/dns-forwarder-1.2.1/build/CMakeFiles/CMakeTmp'
/usr/bin/make -f CMakeFiles/cmTC_76e21.dir/build.make CMakeFiles/cmTC_76e21.dir/build
make[5]: Entering directory '/opt/rt-n56u/trunk/user/dns-forwarder/dns-forwarder-1.2.1/build/CMakeFiles/CMakeTmp'
Building C object CMakeFiles/cmTC_76e21.dir/feature_tests.c.o
/opt/rt-n56u/toolchain-mipsel/toolchain-3.4.x/bin/mipsel-linux-uclibc-gcc   -Os -fomit-frame-pointer -pipe  -Dlinux -D__linux__ -Dunix -DEMBED -I/opt/rt-n56u/trunk/stage/include -Wall -Wno-trigraphs -Wno-strict-aliasing -Wno-format-security   -Wno-pointer-sign    -std=c89 -o CMakeFiles/cmTC_76e21.dir/feature_tests.c.o   -c /opt/rt-n56u/trunk/user/dns-forwarder/dns-forwarder-1.2.1/build/CMakeFiles/feature_tests.c
Linking C executable cmTC_76e21
/usr/bin/cmake -E cmake_link_script CMakeFiles/cmTC_76e21.dir/link.txt --verbose=1
/opt/rt-n56u/toolchain-mipsel/toolchain-3.4.x/bin/mipsel-linux-uclibc-gcc -Os -fomit-frame-pointer -pipe  -Dlinux -D__linux__ -Dunix -DEMBED -I/opt/rt-n56u/trunk/stage/include -Wall -Wno-trigraphs -Wno-strict-aliasing -Wno-format-security   -Wno-pointer-sign   -L/opt/rt-n56u/trunk/stage/lib  -rdynamic CMakeFiles/cmTC_76e21.dir/feature_tests.c.o  -o cmTC_76e21 
make[5]: Leaving directory '/opt/rt-n56u/trunk/user/dns-forwarder/dns-forwarder-1.2.1/build/CMakeFiles/CMakeTmp'
make[4]: Leaving directory '/opt/rt-n56u/trunk/user/dns-forwarder/dns-forwarder-1.2.1/build/CMakeFiles/CMakeTmp'


    Feature record: C_FEATURE:1c_function_prototypes
    Feature record: C_FEATURE:0c_restrict
    Feature record: C_FEATURE:0c_static_assert
    Feature record: C_FEATURE:0c_variadic_macros
Determining if the CXX compiler works passed with the following output:
Change Dir: /opt/rt-n56u/trunk/user/dns-forwarder/dns-forwarder-1.2.1/build/CMakeFiles/CMakeTmp

Run Build Command:"/usr/bin/make" "cmTC_4829b/fast"
make[4]: Entering directory '/opt/rt-n56u/trunk/user/dns-forwarder/dns-forwarder-1.2.1/build/CMakeFiles/CMakeTmp'
/usr/bin/make -f CMakeFiles/cmTC_4829b.dir/build.make CMakeFiles/cmTC_4829b.dir/build
make[5]: Entering directory '/opt/rt-n56u/trunk/user/dns-forwarder/dns-forwarder-1.2.1/build/CMakeFiles/CMakeTmp'
Building CXX object CMakeFiles/cmTC_4829b.dir/testCXXCompiler.cxx.o
/opt/rt-n56u/toolchain-mipsel/toolchain-3.4.x/bin/mipsel-linux-uclibc-g++    -Os -fomit-frame-pointer -pipe  -Dlinux -D__linux__ -Dunix -DEMBED -I/opt/rt-n56u/trunk/stage/include -Wall -Wno-trigraphs -Wno-strict-aliasing -Wno-format-security    -o CMakeFiles/cmTC_4829b.dir/testCXXCompiler.cxx.o -c /opt/rt-n56u/trunk/user/dns-forwarder/dns-forwarder-1.2.1/build/CMakeFiles/CMakeTmp/testCXXCompiler.cxx
Linking CXX executable cmTC_4829b
/usr/bin/cmake -E cmake_link_script CMakeFiles/cmTC_4829b.dir/link.txt --verbose=1
/opt/rt-n56u/toolchain-mipsel/toolchain-3.4.x/bin/mipsel-linux-uclibc-g++  -Os -fomit-frame-pointer -pipe  -Dlinux -D__linux__ -Dunix -DEMBED -I/opt/rt-n56u/trunk/stage/include -Wall -Wno-trigraphs -Wno-strict-aliasing -Wno-format-security   -L/opt/rt-n56u/trunk/stage/lib  -rdynamic CMakeFiles/cmTC_4829b.dir/testCXXCompiler.cxx.o  -o cmTC_4829b 
make[5]: Leaving directory '/opt/rt-n56u/trunk/user/dns-forwarder/dns-forwarder-1.2.1/build/CMakeFiles/CMakeTmp'
make[4]: Leaving directory '/opt/rt-n56u/trunk/user/dns-forwarder/dns-forwarder-1.2.1/build/CMakeFiles/CMakeTmp'


Detecting CXX compiler ABI info compiled with the following output:
Change Dir: /opt/rt-n56u/trunk/user/dns-forwarder/dns-forwarder-1.2.1/build/CMakeFiles/CMakeTmp

Run Build Command:"/usr/bin/make" "cmTC_ad87b/fast"
make[4]: Entering directory '/opt/rt-n56u/trunk/user/dns-forwarder/dns-forwarder-1.2.1/build/CMakeFiles/CMakeTmp'
/usr/bin/make -f CMakeFiles/cmTC_ad87b.dir/build.make CMakeFiles/cmTC_ad87b.dir/build
make[5]: Entering directory '/opt/rt-n56u/trunk/user/dns-forwarder/dns-forwarder-1.2.1/build/CMakeFiles/CMakeTmp'
Building CXX object CMakeFiles/cmTC_ad87b.dir/CMakeCXXCompilerABI.cpp.o
/opt/rt-n56u/toolchain-mipsel/toolchain-3.4.x/bin/mipsel-linux-uclibc-g++    -Os -fomit-frame-pointer -pipe  -Dlinux -D__linux__ -Dunix -DEMBED -I/opt/rt-n56u/trunk/stage/include -Wall -Wno-trigraphs -Wno-strict-aliasing -Wno-format-security    -o CMakeFiles/cmTC_ad87b.dir/CMakeCXXCompilerABI.cpp.o -c /usr/share/cmake-3.10/Modules/CMakeCXXCompilerABI.cpp
Linking CXX executable cmTC_ad87b
/usr/bin/cmake -E cmake_link_script CMakeFiles/cmTC_ad87b.dir/link.txt --verbose=1
/opt/rt-n56u/toolchain-mipsel/toolchain-3.4.x/bin/mipsel-linux-uclibc-g++  -Os -fomit-frame-pointer -pipe  -Dlinux -D__linux__ -Dunix -DEMBED -I/opt/rt-n56u/trunk/stage/include -Wall -Wno-trigraphs -Wno-strict-aliasing -Wno-format-security   -L/opt/rt-n56u/trunk/stage/lib -v -rdynamic CMakeFiles/cmTC_ad87b.dir/CMakeCXXCompilerABI.cpp.o  -o cmTC_ad87b 
Using built-in specs.
Target: mipsel-linux-uclibc
Configured with: ../gcc-4.4.7/configure --target=mipsel-linux-uclibc --prefix=/opt/rt-n56u/toolchain-mipsel/toolchain-3.4.x --with-gnu-ld --with-gnu-as --disable-shared --disable-multilib --enable-tls --enable-threads=posix --disable-libmudflap --disable-libssp --disable-sanity-checks --disable-werror --disable-lto --enable-ld=yes --enable-gold=no --disable-libgomp --disable-nls --with-sysroot=/opt/rt-n56u/toolchain-mipsel/toolchain-3.4.x --enable-languages=c++
Thread model: posix
gcc version 4.4.7 (GCC) 
COMPILER_PATH=/opt/rt-n56u/toolchain-mipsel/toolchain-3.4.x/libexec/gcc/mipsel-linux-uclibc/4.4.7/:/opt/rt-n56u/toolchain-mipsel/toolchain-3.4.x/libexec/gcc/mipsel-linux-uclibc/4.4.7/:/opt/rt-n56u/toolchain-mipsel/toolchain-3.4.x/libexec/gcc/mipsel-linux-uclibc/:/opt/rt-n56u/toolchain-mipsel/toolchain-3.4.x/lib/gcc/mipsel-linux-uclibc/4.4.7/:/opt/rt-n56u/toolchain-mipsel/toolchain-3.4.x/lib/gcc/mipsel-linux-uclibc/:/opt/rt-n56u/toolchain-mipsel/toolchain-3.4.x/lib/gcc/mipsel-linux-uclibc/4.4.7/../../../../mipsel-linux-uclibc/bin/
LIBRARY_PATH=/opt/rt-n56u/toolchain-mipsel/toolchain-3.4.x/lib/gcc/mipsel-linux-uclibc/4.4.7/:/opt/rt-n56u/toolchain-mipsel/toolchain-3.4.x/lib/gcc/mipsel-linux-uclibc/4.4.7/../../../../mipsel-linux-uclibc/lib/:/opt/rt-n56u/toolchain-mipsel/toolchain-3.4.x/lib/
COLLECT_GCC_OPTIONS='-Os' '-fomit-frame-pointer' '-pipe' '-Dlinux' '-D__linux__' '-Dunix' '-DEMBED' '-I/opt/rt-n56u/trunk/stage/include' '-Wall' '-Wno-trigraphs' '-Wno-strict-aliasing' '-Wno-format-security' '-L/opt/rt-n56u/trunk/stage/lib' '-v' '-rdynamic' '-o' 'cmTC_ad87b' '-mllsc' '-mno-shared'
 /opt/rt-n56u/toolchain-mipsel/toolchain-3.4.x/libexec/gcc/mipsel-linux-uclibc/4.4.7/collect2 --sysroot=/opt/rt-n56u/toolchain-mipsel/toolchain-3.4.x --eh-frame-hdr -EL -export-dynamic -dynamic-linker /lib/ld-uClibc.so.0 -o cmTC_ad87b /opt/rt-n56u/toolchain-mipsel/toolchain-3.4.x/lib/crt1.o /opt/rt-n56u/toolchain-mipsel/toolchain-3.4.x/lib/crti.o /opt/rt-n56u/toolchain-mipsel/toolchain-3.4.x/lib/gcc/mipsel-linux-uclibc/4.4.7/crtbegin.o -L/opt/rt-n56u/trunk/stage/lib -L/opt/rt-n56u/toolchain-mipsel/toolchain-3.4.x/lib/gcc/mipsel-linux-uclibc/4.4.7 -L/opt/rt-n56u/toolchain-mipsel/toolchain-3.4.x/lib/gcc/mipsel-linux-uclibc/4.4.7/../../../../mipsel-linux-uclibc/lib -L/opt/rt-n56u/toolchain-mipsel/toolchain-3.4.x/lib CMakeFiles/cmTC_ad87b.dir/CMakeCXXCompilerABI.cpp.o -lstdc++ -lm -lgcc -lc -lgcc /opt/rt-n56u/toolchain-mipsel/toolchain-3.4.x/lib/gcc/mipsel-linux-uclibc/4.4.7/crtend.o /opt/rt-n56u/toolchain-mipsel/toolchain-3.4.x/lib/crtn.o
make[5]: Leaving directory '/opt/rt-n56u/trunk/user/dns-forwarder/dns-forwarder-1.2.1/build/CMakeFiles/CMakeTmp'
make[4]: Leaving directory '/opt/rt-n56u/trunk/user/dns-forwarder/dns-forwarder-1.2.1/build/CMakeFiles/CMakeTmp'


Parsed CXX implicit link information from above output:
  link line regex: [^( *|.*[/\])(mipsel-linux-uclibc-ld|CMAKE_LINK_STARTFILE-NOTFOUND|([^/\]+-)?ld|collect2)[^/\]*( |$)]
  ignore line: [Change Dir: /opt/rt-n56u/trunk/user/dns-forwarder/dns-forwarder-1.2.1/build/CMakeFiles/CMakeTmp]
  ignore line: []
  ignore line: [Run Build Command:"/usr/bin/make" "cmTC_ad87b/fast"]
  ignore line: [make[4]: Entering directory '/opt/rt-n56u/trunk/user/dns-forwarder/dns-forwarder-1.2.1/build/CMakeFiles/CMakeTmp']
  ignore line: [/usr/bin/make -f CMakeFiles/cmTC_ad87b.dir/build.make CMakeFiles/cmTC_ad87b.dir/build]
  ignore line: [make[5]: Entering directory '/opt/rt-n56u/trunk/user/dns-forwarder/dns-forwarder-1.2.1/build/CMakeFiles/CMakeTmp']
  ignore line: [Building CXX object CMakeFiles/cmTC_ad87b.dir/CMakeCXXCompilerABI.cpp.o]
  ignore line: [/opt/rt-n56u/toolchain-mipsel/toolchain-3.4.x/bin/mipsel-linux-uclibc-g++    -Os -fomit-frame-pointer -pipe  -Dlinux -D__linux__ -Dunix -DEMBED -I/opt/rt-n56u/trunk/stage/include -Wall -Wno-trigraphs -Wno-strict-aliasing -Wno-format-security    -o CMakeFiles/cmTC_ad87b.dir/CMakeCXXCompilerABI.cpp.o -c /usr/share/cmake-3.10/Modules/CMakeCXXCompilerABI.cpp]
  ignore line: [Linking CXX executable cmTC_ad87b]
  ignore line: [/usr/bin/cmake -E cmake_link_script CMakeFiles/cmTC_ad87b.dir/link.txt --verbose=1]
  ignore line: [/opt/rt-n56u/toolchain-mipsel/toolchain-3.4.x/bin/mipsel-linux-uclibc-g++  -Os -fomit-frame-pointer -pipe  -Dlinux -D__linux__ -Dunix -DEMBED -I/opt/rt-n56u/trunk/stage/include -Wall -Wno-trigraphs -Wno-strict-aliasing -Wno-format-security   -L/opt/rt-n56u/trunk/stage/lib -v -rdynamic CMakeFiles/cmTC_ad87b.dir/CMakeCXXCompilerABI.cpp.o  -o cmTC_ad87b ]
  ignore line: [Using built-in specs.]
  ignore line: [Target: mipsel-linux-uclibc]
  ignore line: [Configured with: ../gcc-4.4.7/configure --target=mipsel-linux-uclibc --prefix=/opt/rt-n56u/toolchain-mipsel/toolchain-3.4.x --with-gnu-ld --with-gnu-as --disable-shared --disable-multilib --enable-tls --enable-threads=posix --disable-libmudflap --disable-libssp --disable-sanity-checks --disable-werror --disable-lto --enable-ld=yes --enable-gold=no --disable-libgomp --disable-nls --with-sysroot=/opt/rt-n56u/toolchain-mipsel/toolchain-3.4.x --enable-languages=c++]
  ignore line: [Thread model: posix]
  ignore line: [gcc version 4.4.7 (GCC) ]
  ignore line: [COMPILER_PATH=/opt/rt-n56u/toolchain-mipsel/toolchain-3.4.x/libexec/gcc/mipsel-linux-uclibc/4.4.7/:/opt/rt-n56u/toolchain-mipsel/toolchain-3.4.x/libexec/gcc/mipsel-linux-uclibc/4.4.7/:/opt/rt-n56u/toolchain-mipsel/toolchain-3.4.x/libexec/gcc/mipsel-linux-uclibc/:/opt/rt-n56u/toolchain-mipsel/toolchain-3.4.x/lib/gcc/mipsel-linux-uclibc/4.4.7/:/opt/rt-n56u/toolchain-mipsel/toolchain-3.4.x/lib/gcc/mipsel-linux-uclibc/:/opt/rt-n56u/toolchain-mipsel/toolchain-3.4.x/lib/gcc/mipsel-linux-uclibc/4.4.7/../../../../mipsel-linux-uclibc/bin/]
  ignore line: [LIBRARY_PATH=/opt/rt-n56u/toolchain-mipsel/toolchain-3.4.x/lib/gcc/mipsel-linux-uclibc/4.4.7/:/opt/rt-n56u/toolchain-mipsel/toolchain-3.4.x/lib/gcc/mipsel-linux-uclibc/4.4.7/../../../../mipsel-linux-uclibc/lib/:/opt/rt-n56u/toolchain-mipsel/toolchain-3.4.x/lib/]
  ignore line: [COLLECT_GCC_OPTIONS='-Os' '-fomit-frame-pointer' '-pipe' '-Dlinux' '-D__linux__' '-Dunix' '-DEMBED' '-I/opt/rt-n56u/trunk/stage/include' '-Wall' '-Wno-trigraphs' '-Wno-strict-aliasing' '-Wno-format-security' '-L/opt/rt-n56u/trunk/stage/lib' '-v' '-rdynamic' '-o' 'cmTC_ad87b' '-mllsc' '-mno-shared']
  link line: [ /opt/rt-n56u/toolchain-mipsel/toolchain-3.4.x/libexec/gcc/mipsel-linux-uclibc/4.4.7/collect2 --sysroot=/opt/rt-n56u/toolchain-mipsel/toolchain-3.4.x --eh-frame-hdr -EL -export-dynamic -dynamic-linker /lib/ld-uClibc.so.0 -o cmTC_ad87b /opt/rt-n56u/toolchain-mipsel/toolchain-3.4.x/lib/crt1.o /opt/rt-n56u/toolchain-mipsel/toolchain-3.4.x/lib/crti.o /opt/rt-n56u/toolchain-mipsel/toolchain-3.4.x/lib/gcc/mipsel-linux-uclibc/4.4.7/crtbegin.o -L/opt/rt-n56u/trunk/stage/lib -L/opt/rt-n56u/toolchain-mipsel/toolchain-3.4.x/lib/gcc/mipsel-linux-uclibc/4.4.7 -L/opt/rt-n56u/toolchain-mipsel/toolchain-3.4.x/lib/gcc/mipsel-linux-uclibc/4.4.7/../../../../mipsel-linux-uclibc/lib -L/opt/rt-n56u/toolchain-mipsel/toolchain-3.4.x/lib CMakeFiles/cmTC_ad87b.dir/CMakeCXXCompilerABI.cpp.o -lstdc++ -lm -lgcc -lc -lgcc /opt/rt-n56u/toolchain-mipsel/toolchain-3.4.x/lib/gcc/mipsel-linux-uclibc/4.4.7/crtend.o /opt/rt-n56u/toolchain-mipsel/toolchain-3.4.x/lib/crtn.o]
    arg [/opt/rt-n56u/toolchain-mipsel/toolchain-3.4.x/libexec/gcc/mipsel-linux-uclibc/4.4.7/collect2] ==> ignore
    arg [--sysroot=/opt/rt-n56u/toolchain-mipsel/toolchain-3.4.x] ==> ignore
    arg [--eh-frame-hdr] ==> ignore
    arg [-EL] ==> ignore
    arg [-export-dynamic] ==> ignore
    arg [-dynamic-linker] ==> ignore
    arg [/lib/ld-uClibc.so.0] ==> ignore
    arg [-o] ==> ignore
    arg [cmTC_ad87b] ==> ignore
    arg [/opt/rt-n56u/toolchain-mipsel/toolchain-3.4.x/lib/crt1.o] ==> ignore
    arg [/opt/rt-n56u/toolchain-mipsel/toolchain-3.4.x/lib/crti.o] ==> ignore
    arg [/opt/rt-n56u/toolchain-mipsel/toolchain-3.4.x/lib/gcc/mipsel-linux-uclibc/4.4.7/crtbegin.o] ==> ignore
    arg [-L/opt/rt-n56u/trunk/stage/lib] ==> dir [/opt/rt-n56u/trunk/stage/lib]
    arg [-L/opt/rt-n56u/toolchain-mipsel/toolchain-3.4.x/lib/gcc/mipsel-linux-uclibc/4.4.7] ==> dir [/opt/rt-n56u/toolchain-mipsel/toolchain-3.4.x/lib/gcc/mipsel-linux-uclibc/4.4.7]
    arg [-L/opt/rt-n56u/toolchain-mipsel/toolchain-3.4.x/lib/gcc/mipsel-linux-uclibc/4.4.7/../../../../mipsel-linux-uclibc/lib] ==> dir [/opt/rt-n56u/toolchain-mipsel/toolchain-3.4.x/lib/gcc/mipsel-linux-uclibc/4.4.7/../../../../mipsel-linux-uclibc/lib]
    arg [-L/opt/rt-n56u/toolchain-mipsel/toolchain-3.4.x/lib] ==> dir [/opt/rt-n56u/toolchain-mipsel/toolchain-3.4.x/lib]
    arg [CMakeFiles/cmTC_ad87b.dir/CMakeCXXCompilerABI.cpp.o] ==> ignore
    arg [-lstdc++] ==> lib [stdc++]
    arg [-lm] ==> lib [m]
    arg [-lgcc] ==> lib [gcc]
    arg [-lc] ==> lib [c]
    arg [-lgcc] ==> lib [gcc]
    arg [/opt/rt-n56u/toolchain-mipsel/toolchain-3.4.x/lib/gcc/mipsel-linux-uclibc/4.4.7/crtend.o] ==> ignore
    arg [/opt/rt-n56u/toolchain-mipsel/toolchain-3.4.x/lib/crtn.o] ==> ignore
  collapse library dir [/opt/rt-n56u/trunk/stage/lib] ==> [/opt/rt-n56u/trunk/stage/lib]
  collapse library dir [/opt/rt-n56u/toolchain-mipsel/toolchain-3.4.x/lib/gcc/mipsel-linux-uclibc/4.4.7] ==> [/opt/rt-n56u/toolchain-mipsel/toolchain-3.4.x/lib/gcc/mipsel-linux-uclibc/4.4.7]
  collapse library dir [/opt/rt-n56u/toolchain-mipsel/toolchain-3.4.x/lib/gcc/mipsel-linux-uclibc/4.4.7/../../../../mipsel-linux-uclibc/lib] ==> [/opt/rt-n56u/toolchain-mipsel/toolchain-3.4.x/mipsel-linux-uclibc/lib]
  collapse library dir [/opt/rt-n56u/toolchain-mipsel/toolchain-3.4.x/lib] ==> [/opt/rt-n56u/toolchain-mipsel/toolchain-3.4.x/lib]
  implicit libs: [stdc++;m;gcc;c;gcc]
  implicit dirs: [/opt/rt-n56u/trunk/stage/lib;/opt/rt-n56u/toolchain-mipsel/toolchain-3.4.x/lib/gcc/mipsel-linux-uclibc/4.4.7;/opt/rt-n56u/toolchain-mipsel/toolchain-3.4.x/mipsel-linux-uclibc/lib;/opt/rt-n56u/toolchain-mipsel/toolchain-3.4.x/lib]
  implicit fwks: []




Detecting CXX [-std=c++0x] compiler features compiled with the following output:
Change Dir: /opt/rt-n56u/trunk/user/dns-forwarder/dns-forwarder-1.2.1/build/CMakeFiles/CMakeTmp

Run Build Command:"/usr/bin/make" "cmTC_e7ebf/fast"
make[4]: Entering directory '/opt/rt-n56u/trunk/user/dns-forwarder/dns-forwarder-1.2.1/build/CMakeFiles/CMakeTmp'
/usr/bin/make -f CMakeFiles/cmTC_e7ebf.dir/build.make CMakeFiles/cmTC_e7ebf.dir/build
make[5]: Entering directory '/opt/rt-n56u/trunk/user/dns-forwarder/dns-forwarder-1.2.1/build/CMakeFiles/CMakeTmp'
Building CXX object CMakeFiles/cmTC_e7ebf.dir/feature_tests.cxx.o
/opt/rt-n56u/toolchain-mipsel/toolchain-3.4.x/bin/mipsel-linux-uclibc-g++    -Os -fomit-frame-pointer -pipe  -Dlinux -D__linux__ -Dunix -DEMBED -I/opt/rt-n56u/trunk/stage/include -Wall -Wno-trigraphs -Wno-strict-aliasing -Wno-format-security    -std=c++0x -o CMakeFiles/cmTC_e7ebf.dir/feature_tests.cxx.o -c /opt/rt-n56u/trunk/user/dns-forwarder/dns-forwarder-1.2.1/build/CMakeFiles/feature_tests.cxx
Linking CXX executable cmTC_e7ebf
/usr/bin/cmake -E cmake_link_script CMakeFiles/cmTC_e7ebf.dir/link.txt --verbose=1
/opt/rt-n56u/toolchain-mipsel/toolchain-3.4.x/bin/mipsel-linux-uclibc-g++  -Os -fomit-frame-pointer -pipe  -Dlinux -D__linux__ -Dunix -DEMBED -I/opt/rt-n56u/trunk/stage/include -Wall -Wno-trigraphs -Wno-strict-aliasing -Wno-format-security   -L/opt/rt-n56u/trunk/stage/lib  -rdynamic CMakeFiles/cmTC_e7ebf.dir/feature_tests.cxx.o  -o cmTC_e7ebf 
make[5]: Leaving directory '/opt/rt-n56u/trunk/user/dns-forwarder/dns-forwarder-1.2.1/build/CMakeFiles/CMakeTmp'
make[4]: Leaving directory '/opt/rt-n56u/trunk/user/dns-forwarder/dns-forwarder-1.2.1/build/CMakeFiles/CMakeTmp'


    Feature record: CXX_FEATURE:0cxx_aggregate_default_initializers
    Feature record: CXX_FEATURE:0cxx_alias_templates
    Feature record: CXX_FEATURE:0cxx_alignas
    Feature record: CXX_FEATURE:0cxx_alignof
    Feature record: CXX_FEATURE:0cxx_attributes
    Feature record: CXX_FEATURE:0cxx_attribute_deprecated
    Feature record: CXX_FEATURE:1cxx_auto_type
    Feature record: CXX_FEATURE:0cxx_binary_literals
    Feature record: CXX_FEATURE:0cxx_constexpr
    Feature record: CXX_FEATURE:0cxx_contextual_conversions
    Feature record: CXX_FEATURE:1cxx_decltype
    Feature record: CXX_FEATURE:0cxx_decltype_auto
    Feature record: CXX_FEATURE:0cxx_decltype_incomplete_return_types
    Feature record: CXX_FEATURE:1cxx_default_function_template_args
    Feature record: CXX_FEATURE:1cxx_defaulted_functions
    Feature record: CXX_FEATURE:0cxx_defaulted_move_initializers
    Feature record: CXX_FEATURE:0cxx_delegating_constructors
    Feature record: CXX_FEATURE:1cxx_deleted_functions
    Feature record: CXX_FEATURE:0cxx_digit_separators
    Feature record: CXX_FEATURE:0cxx_enum_forward_declarations
    Feature record: CXX_FEATURE:0cxx_explicit_conversions
    Feature record: CXX_FEATURE:0cxx_extended_friend_declarations
    Feature record: CXX_FEATURE:1cxx_extern_templates
    Feature record: CXX_FEATURE:0cxx_final
    Feature record: CXX_FEATURE:1cxx_func_identifier
    Feature record: CXX_FEATURE:1cxx_generalized_initializers
    Feature record: CXX_FEATURE:0cxx_generic_lambdas
    Feature record: CXX_FEATURE:0cxx_inheriting_constructors
    Feature record: CXX_FEATURE:1cxx_inline_namespaces
    Feature record: CXX_FEATURE:0cxx_lambdas
    Feature record: CXX_FEATURE:0cxx_lambda_init_captures
    Feature record: CXX_FEATURE:0cxx_local_type_template_args
    Feature record: CXX_FEATURE:1cxx_long_long_type
    Feature record: CXX_FEATURE:0cxx_noexcept
    Feature record: CXX_FEATURE:0cxx_nonstatic_member_init
    Feature record: CXX_FEATURE:0cxx_nullptr
    Feature record: CXX_FEATURE:0cxx_override
    Feature record: CXX_FEATURE:0cxx_range_for
    Feature record: CXX_FEATURE:0cxx_raw_string_literals
    Feature record: CXX_FEATURE:0cxx_reference_qualified_functions
    Feature record: CXX_FEATURE:0cxx_relaxed_constexpr
    Feature record: CXX_FEATURE:0cxx_return_type_deduction
    Feature record: CXX_FEATURE:1cxx_right_angle_brackets
    Feature record: CXX_FEATURE:1cxx_rvalue_references
    Feature record: CXX_FEATURE:1cxx_sizeof_member
    Feature record: CXX_FEATURE:1cxx_static_assert
    Feature record: CXX_FEATURE:1cxx_strong_enums
    Feature record: CXX_FEATURE:1cxx_template_template_parameters
    Feature record: CXX_FEATURE:0cxx_thread_local
    Feature record: CXX_FEATURE:1cxx_trailing_return_types
    Feature record: CXX_FEATURE:1cxx_unicode_literals
    Feature record: CXX_FEATURE:1cxx_uniform_initialization
    Feature record: CXX_FEATURE:0cxx_unrestricted_unions
    Feature record: CXX_FEATURE:0cxx_user_literals
    Feature record: CXX_FEATURE:0cxx_variable_templates
    Feature record: CXX_FEATURE:1cxx_variadic_macros
    Feature record: CXX_FEATURE:1cxx_variadic_templates


Detecting CXX [-std=c++98] compiler features compiled with the following output:
Change Dir: /opt/rt-n56u/trunk/user/dns-forwarder/dns-forwarder-1.2.1/build/CMakeFiles/CMakeTmp

Run Build Command:"/usr/bin/make" "cmTC_a771b/fast"
make[4]: Entering directory '/opt/rt-n56u/trunk/user/dns-forwarder/dns-forwarder-1.2.1/build/CMakeFiles/CMakeTmp'
/usr/bin/make -f CMakeFiles/cmTC_a771b.dir/build.make CMakeFiles/cmTC_a771b.dir/build
make[5]: Entering directory '/opt/rt-n56u/trunk/user/dns-forwarder/dns-forwarder-1.2.1/build/CMakeFiles/CMakeTmp'
Building CXX object CMakeFiles/cmTC_a771b.dir/feature_tests.cxx.o
/opt/rt-n56u/toolchain-mipsel/toolchain-3.4.x/bin/mipsel-linux-uclibc-g++    -Os -fomit-frame-pointer -pipe  -Dlinux -D__linux__ -Dunix -DEMBED -I/opt/rt-n56u/trunk/stage/include -Wall -Wno-trigraphs -Wno-strict-aliasing -Wno-format-security    -std=c++98 -o CMakeFiles/cmTC_a771b.dir/feature_tests.cxx.o -c /opt/rt-n56u/trunk/user/dns-forwarder/dns-forwarder-1.2.1/build/CMakeFiles/feature_tests.cxx
Linking CXX executable cmTC_a771b
/usr/bin/cmake -E cmake_link_script CMakeFiles/cmTC_a771b.dir/link.txt --verbose=1
/opt/rt-n56u/toolchain-mipsel/toolchain-3.4.x/bin/mipsel-linux-uclibc-g++  -Os -fomit-frame-pointer -pipe  -Dlinux -D__linux__ -Dunix -DEMBED -I/opt/rt-n56u/trunk/stage/include -Wall -Wno-trigraphs -Wno-strict-aliasing -Wno-format-security   -L/opt/rt-n56u/trunk/stage/lib  -rdynamic CMakeFiles/cmTC_a771b.dir/feature_tests.cxx.o  -o cmTC_a771b 
make[5]: Leaving directory '/opt/rt-n56u/trunk/user/dns-forwarder/dns-forwarder-1.2.1/build/CMakeFiles/CMakeTmp'
make[4]: Leaving directory '/opt/rt-n56u/trunk/user/dns-forwarder/dns-forwarder-1.2.1/build/CMakeFiles/CMakeTmp'


    Feature record: CXX_FEATURE:0cxx_aggregate_default_initializers
    Feature record: CXX_FEATURE:0cxx_alias_templates
    Feature record: CXX_FEATURE:0cxx_alignas
    Feature record: CXX_FEATURE:0cxx_alignof
    Feature record: CXX_FEATURE:0cxx_attributes
    Feature record: CXX_FEATURE:0cxx_attribute_deprecated
    Feature record: CXX_FEATURE:0cxx_auto_type
    Feature record: CXX_FEATURE:0cxx_binary_literals
    Feature record: CXX_FEATURE:0cxx_constexpr
    Feature record: CXX_FEATURE:0cxx_contextual_conversions
    Feature record: CXX_FEATURE:0cxx_decltype
    Feature record: CXX_FEATURE:0cxx_decltype_auto
    Feature record: CXX_FEATURE:0cxx_decltype_incomplete_return_types
    Feature record: CXX_FEATURE:0cxx_default_function_template_args
    Feature record: CXX_FEATURE:0cxx_defaulted_functions
    Feature record: CXX_FEATURE:0cxx_defaulted_move_initializers
    Feature record: CXX_FEATURE:0cxx_delegating_constructors
    Feature record: CXX_FEATURE:0cxx_deleted_functions
    Feature record: CXX_FEATURE:0cxx_digit_separators
    Feature record: CXX_FEATURE:0cxx_enum_forward_declarations
    Feature record: CXX_FEATURE:0cxx_explicit_conversions
    Feature record: CXX_FEATURE:0cxx_extended_friend_declarations
    Feature record: CXX_FEATURE:0cxx_extern_templates
    Feature record: CXX_FEATURE:0cxx_final
    Feature record: CXX_FEATURE:0cxx_func_identifier
    Feature record: CXX_FEATURE:0cxx_generalized_initializers
    Feature record: CXX_FEATURE:0cxx_generic_lambdas
    Feature record: CXX_FEATURE:0cxx_inheriting_constructors
    Feature record: CXX_FEATURE:0cxx_inline_namespaces
    Feature record: CXX_FEATURE:0cxx_lambdas
    Feature record: CXX_FEATURE:0cxx_lambda_init_captures
    Feature record: CXX_FEATURE:0cxx_local_type_template_args
    Feature record: CXX_FEATURE:0cxx_long_long_type
    Feature record: CXX_FEATURE:0cxx_noexcept
    Feature record: CXX_FEATURE:0cxx_nonstatic_member_init
    Feature record: CXX_FEATURE:0cxx_nullptr
    Feature record: CXX_FEATURE:0cxx_override
    Feature record: CXX_FEATURE:0cxx_range_for
    Feature record: CXX_FEATURE:0cxx_raw_string_literals
    Feature record: CXX_FEATURE:0cxx_reference_qualified_functions
    Feature record: CXX_FEATURE:0cxx_relaxed_constexpr
    Feature record: CXX_FEATURE:0cxx_return_type_deduction
    Feature record: CXX_FEATURE:0cxx_right_angle_brackets
    Feature record: CXX_FEATURE:0cxx_rvalue_references
    Feature record: CXX_FEATURE:0cxx_sizeof_member
    Feature record: CXX_FEATURE:0cxx_static_assert
    Feature record: CXX_FEATURE:0cxx_strong_enums
    Feature record: CXX_FEATURE:1cxx_template_template_parameters
    Feature record: CXX_FEATURE:0cxx_thread_local
    Feature record: CXX_FEATURE:0cxx_trailing_return_types
    Feature record: CXX_FEATURE:0cxx_unicode_literals
    Feature record: CXX_FEATURE:0cxx_uniform_initialization
    Feature record: CXX_FEATURE:0cxx_unrestricted_unions
    Feature record: CXX_FEATURE:0cxx_user_literals
    Feature record: CXX_FEATURE:0cxx_variable_templates
    Feature record: CXX_FEATURE:0cxx_variadic_macros
    Feature record: CXX_FEATURE:0cxx_variadic_templates
